computing MS ...
TreeCmp version 1.0-b291

Active options:
Type of the analysis:  one-to-all comparison mode (-r)
Metrics:
  1. MatchingSplit (ms)
Input file: ../gene_trees/LBF/is.poly.gt.LBF.0.140.trees
Output file: ../results/is.poly.0.140.MS.dat
Additional options:
P - Prune compared trees if needed (trees can have different leaf sets).
-----
2017-06-19 22:16:22: Start of scanning input file: ../gene_trees/LBF/is.poly.gt.LBF.0.140.trees
2017-06-19 22:16:42: End of scanning input file: ../gene_trees/LBF/is.poly.gt.LBF.0.140.trees
2017-06-19 22:16:42: 1478 valid trees found in file: ../gene_trees/LBF/is.poly.gt.LBF.0.140.trees
2017-06-19 22:16:42: Start of calculation...please wait...
2017-06-19 22:16:42: 0.00% completed...
2017-06-19 22:16:52: 5.01% completed...
2017-06-19 22:16:56: 10.01% completed...
2017-06-19 22:17:00: 15.02% completed...
2017-06-19 22:17:04: 20.03% completed...
2017-06-19 22:17:08: 25.03% completed...
2017-06-19 22:17:12: 30.04% completed...
2017-06-19 22:17:15: 35.05% completed...
2017-06-19 22:17:18: 40.05% completed...
2017-06-19 22:17:22: 45.06% completed...
2017-06-19 22:17:25: 50.07% completed...
2017-06-19 22:17:28: 55.07% completed...
2017-06-19 22:17:31: 60.08% completed...
2017-06-19 22:17:35: 65.09% completed...
2017-06-19 22:17:38: 70.09% completed...
2017-06-19 22:17:41: 75.10% completed...
2017-06-19 22:17:45: 80.11% completed...
2017-06-19 22:17:48: 85.12% completed...
2017-06-19 22:17:51: 90.12% completed...
2017-06-19 22:17:55: 95.13% completed...
2017-06-19 22:17:58: 100.00% completed.
2017-06-19 22:17:58: End of calculation.
2017-06-19 22:17:58: Total calculation time: 75525 ms.
done
computing RF ...
done
All done!
