TreeCmp version 1.0-b291

Active options:
Type of the analysis:  one-to-all comparison mode (-r)
Metrics:
  1. MatchingSplit (ms)
Input file: ../gene_trees/rogueNarok/is.poly.RnR.30.trees
Output file: ../results/is.poly.RnR.30.MS.dat
Additional options:
P - Prune compared trees if needed (trees can have different leaf sets).
-----
2017-06-20 09:32:25: Start of scanning input file: ../gene_trees/rogueNarok/is.poly.RnR.30.trees
2017-06-20 09:32:31: End of scanning input file: ../gene_trees/rogueNarok/is.poly.RnR.30.trees
2017-06-20 09:32:31: 1478 valid trees found in file: ../gene_trees/rogueNarok/is.poly.RnR.30.trees
2017-06-20 09:32:31: Start of calculation...please wait...
2017-06-20 09:32:31: 0.00% completed...
2017-06-20 09:32:35: 5.01% completed...
2017-06-20 09:32:36: 10.01% completed...
2017-06-20 09:32:37: 15.02% completed...
2017-06-20 09:32:38: 20.03% completed...
2017-06-20 09:32:39: 25.03% completed...
2017-06-20 09:32:39: 30.04% completed...
2017-06-20 09:32:40: 35.05% completed...
2017-06-20 09:32:40: 40.05% completed...
2017-06-20 09:32:41: 45.06% completed...
2017-06-20 09:32:42: 50.07% completed...
2017-06-20 09:32:42: 55.07% completed...
2017-06-20 09:32:43: 60.08% completed...
2017-06-20 09:32:43: 65.09% completed...
2017-06-20 09:32:44: 70.09% completed...
2017-06-20 09:32:45: 75.10% completed...
2017-06-20 09:32:45: 80.11% completed...
2017-06-20 09:32:46: 85.12% completed...
2017-06-20 09:32:47: 90.12% completed...
2017-06-20 09:32:47: 95.13% completed...
2017-06-20 09:32:48: 100.00% completed.
2017-06-20 09:32:48: End of calculation.
2017-06-20 09:32:48: Total calculation time: 16892 ms.
