pruning ...
Traceback (most recent call last):
  File "sampling.py", line 12, in <module>
    L1 = random.sample(L,k)
  File "/home/uym2/anaconda3/lib/python3.5/random.py", line 315, in sample
    raise ValueError("Sample larger than population")
ValueError: Sample larger than population
Usage: nw_prune [-h] <filename|-> <label> [label+]
Traceback (most recent call last):
  File "sampling.py", line 12, in <module>
    L1 = random.sample(L,k)
  File "/home/uym2/anaconda3/lib/python3.5/random.py", line 315, in sample
    raise ValueError("Sample larger than population")
ValueError: Sample larger than population
Usage: nw_prune [-h] <filename|-> <label> [label+]
Traceback (most recent call last):
  File "sampling.py", line 12, in <module>
    L1 = random.sample(L,k)
  File "/home/uym2/anaconda3/lib/python3.5/random.py", line 315, in sample
    raise ValueError("Sample larger than population")
ValueError: Sample larger than population
Usage: nw_prune [-h] <filename|-> <label> [label+]
done
computing MS ...
TreeCmp version 1.0-b291

Active options:
Type of the analysis:  one-to-all comparison mode (-r)
Metrics:
  1. MatchingSplit (ms)
Input file: ../gene_trees/randprune/kp.c1c2.gt.randprune.0.140.trees
Output file: ../results/kp.c1c2.randprune.0.140.MS.dat
Additional options:
P - Prune compared trees if needed (trees can have different leaf sets).
-----
2017-06-19 22:50:46: Start of scanning input file: ../gene_trees/randprune/kp.c1c2.gt.randprune.0.140.trees
2017-06-19 22:50:51: End of scanning input file: ../gene_trees/randprune/kp.c1c2.gt.randprune.0.140.trees
2017-06-19 22:50:51: 847 valid trees found in file: ../gene_trees/randprune/kp.c1c2.gt.randprune.0.140.trees
2017-06-19 22:50:51: Start of calculation...please wait...
2017-06-19 22:50:51: 0.00% completed...
2017-06-19 22:50:53: 5.08% completed...
2017-06-19 22:50:54: 10.15% completed...
2017-06-19 22:50:54: 15.23% completed...
2017-06-19 22:50:55: 20.31% completed...
2017-06-19 22:50:56: 25.38% completed...
2017-06-19 22:50:56: 30.46% completed...
2017-06-19 22:50:57: 35.54% completed...
2017-06-19 22:50:57: 40.61% completed...
2017-06-19 22:50:58: 45.69% completed...
2017-06-19 22:50:58: 50.77% completed...
2017-06-19 22:50:59: 55.84% completed...
2017-06-19 22:50:59: 60.92% completed...
2017-06-19 22:51:00: 66.00% completed...
2017-06-19 22:51:00: 71.07% completed...
2017-06-19 22:51:00: 76.15% completed...
2017-06-19 22:51:01: 81.23% completed...
2017-06-19 22:51:01: 86.30% completed...
2017-06-19 22:51:01: 91.38% completed...
2017-06-19 22:51:02: 96.46% completed...
2017-06-19 22:51:02: 100.00% completed.
2017-06-19 22:51:02: End of calculation.
2017-06-19 22:51:02: Total calculation time: 10784 ms.
done
computing RF ...
(standard_in) 2: syntax error
(standard_in) 2: syntax error
done
All done!
