compute MS
TreeCmp version 1.0-b291

Active options:
Type of the analysis:  one-to-all comparison mode (-r)
Metrics:
  1. MatchingSplit (ms)
Input file: ../gene_trees/rooted_pruning/mm.gt.GAL.2.72.trees
Output file: ../results/mm.GAL.2.72.MS.dat
Additional options:
P - Prune compared trees if needed (trees can have different leaf sets).
-----
2017-06-19 21:55:15: Start of scanning input file: ../gene_trees/rooted_pruning/mm.gt.GAL.2.72.trees
2017-06-19 21:55:20: End of scanning input file: ../gene_trees/rooted_pruning/mm.gt.GAL.2.72.trees
2017-06-19 21:55:20: 424 valid trees found in file: ../gene_trees/rooted_pruning/mm.gt.GAL.2.72.trees
2017-06-19 21:55:20: Start of calculation...please wait...
2017-06-19 21:55:20: 0.00% completed...
2017-06-19 21:55:22: 5.19% completed...
2017-06-19 21:55:23: 10.38% completed...
2017-06-19 21:55:24: 15.57% completed...
2017-06-19 21:55:25: 20.75% completed...
2017-06-19 21:55:27: 25.94% completed...
2017-06-19 21:55:28: 31.13% completed...
2017-06-19 21:55:29: 36.32% completed...
2017-06-19 21:55:30: 41.51% completed...
2017-06-19 21:55:31: 46.70% completed...
2017-06-19 21:55:32: 51.89% completed...
2017-06-19 21:55:33: 57.08% completed...
2017-06-19 21:55:33: 62.26% completed...
2017-06-19 21:55:34: 67.45% completed...
2017-06-19 21:55:35: 72.64% completed...
2017-06-19 21:55:36: 77.83% completed...
2017-06-19 21:55:36: 83.02% completed...
2017-06-19 21:55:37: 88.21% completed...
2017-06-19 21:55:37: 93.40% completed...
2017-06-19 21:55:38: 98.58% completed...
2017-06-19 21:55:38: 100.00% completed.
2017-06-19 21:55:38: End of calculation.
2017-06-19 21:55:38: Total calculation time: 17349 ms.
compute RF
