filtering ...
Solving k-shrink with k = 8
Solving k-shrink with k = 8
Solving k-shrink with k = 8
Solving k-shrink with k = 8
Solving k-shrink with k = 8
Solving k-shrink with k = 8
Solving k-shrink with k = 8
Solving k-shrink with k = 8
Solving k-shrink with k = 8
Solving k-shrink with k = 8
Solving k-shrink with k = 8
Solving k-shrink with k = 8
Solving k-shrink with k = 8
Solving k-shrink with k = 8
Solving k-shrink with k = 8
Solving k-shrink with k = 8
Solving k-shrink with k = 8
Solving k-shrink with k = 8
Solving k-shrink with k = 8
Solving k-shrink with k = 8
Solving k-shrink with k = 8
Solving k-shrink with k = 8
Solving k-shrink with k = 8
Solving k-shrink with k = 8
Solving k-shrink with k = 8
Solving k-shrink with k = 8
Solving k-shrink with k = 8
Solving k-shrink with k = 8
Solving k-shrink with k = 8
Solving k-shrink with k = 8
Solving k-shrink with k = 8
Solving k-shrink with k = 8
Solving k-shrink with k = 8
Solving k-shrink with k = 8
Solving k-shrink with k = 8
Solving k-shrink with k = 8
Solving k-shrink with k = 8
Solving k-shrink with k = 8
Solving k-shrink with k = 8
Solving k-shrink with k = 8
Solving k-shrink with k = 8
Solving k-shrink with k = 8
Solving k-shrink with k = 8
Solving k-shrink with k = 8
Solving k-shrink with k = 8
Solving k-shrink with k = 8
Solving k-shrink with k = 8
Solving k-shrink with k = 8
Solving k-shrink with k = 8
Solving k-shrink with k = 8
Solving k-shrink with k = 8
Solving k-shrink with k = 8
Solving k-shrink with k = 8
Solving k-shrink with k = 8
Solving k-shrink with k = 8
Solving k-shrink with k = 8
Solving k-shrink with k = 8
Solving k-shrink with k = 8
Solving k-shrink with k = 8
Solving k-shrink with k = 8
Solving k-shrink with k = 8
Solving k-shrink with k = 8
Solving k-shrink with k = 8
Solving k-shrink with k = 8
Solving k-shrink with k = 8
Solving k-shrink with k = 8
Solving k-shrink with k = 8
Solving k-shrink with k = 8
Solving k-shrink with k = 8
Solving k-shrink with k = 8
Solving k-shrink with k = 8
Solving k-shrink with k = 8
Solving k-shrink with k = 8
Solving k-shrink with k = 8
Solving k-shrink with k = 8
Solving k-shrink with k = 8
Solving k-shrink with k = 8
Solving k-shrink with k = 8
Solving k-shrink with k = 8
Solving k-shrink with k = 8
Solving k-shrink with k = 8
Solving k-shrink with k = 8
Solving k-shrink with k = 8
Solving k-shrink with k = 8
Solving k-shrink with k = 8
Solving k-shrink with k = 8
Solving k-shrink with k = 8
Solving k-shrink with k = 8
Solving k-shrink with k = 8
Solving k-shrink with k = 8
Solving k-shrink with k = 8
Solving k-shrink with k = 8
Solving k-shrink with k = 8
Solving k-shrink with k = 8
Solving k-shrink with k = 8
Solving k-shrink with k = 8
Solving k-shrink with k = 8
Solving k-shrink with k = 8
Solving k-shrink with k = 8
Solving k-shrink with k = 8
Solving k-shrink with k = 8
Solving k-shrink with k = 8
Solving k-shrink with k = 8
Solving k-shrink with k = 8
Solving k-shrink with k = 8
Solving k-shrink with k = 8
Solving k-shrink with k = 8
Solving k-shrink with k = 8
Solving k-shrink with k = 8
Solving k-shrink with k = 8
Solving k-shrink with k = 8
Solving k-shrink with k = 8
Solving k-shrink with k = 8
Solving k-shrink with k = 8
Solving k-shrink with k = 8
Solving k-shrink with k = 8
Solving k-shrink with k = 8
Solving k-shrink with k = 8
Solving k-shrink with k = 8
Solving k-shrink with k = 8
Solving k-shrink with k = 8
Solving k-shrink with k = 8
Solving k-shrink with k = 8
Solving k-shrink with k = 8
Solving k-shrink with k = 8
Solving k-shrink with k = 8
Solving k-shrink with k = 8
Solving k-shrink with k = 8
Solving k-shrink with k = 8
Solving k-shrink with k = 8
Solving k-shrink with k = 8
Solving k-shrink with k = 8
Solving k-shrink with k = 8
Solving k-shrink with k = 8
Solving k-shrink with k = 8
Solving k-shrink with k = 8
Solving k-shrink with k = 8
Solving k-shrink with k = 8
Solving k-shrink with k = 8
Solving k-shrink with k = 8
Solving k-shrink with k = 8
Solving k-shrink with k = 8
Solving k-shrink with k = 8
Solving k-shrink with k = 8
Solving k-shrink with k = 8
Solving k-shrink with k = 8
Solving k-shrink with k = 8
Solving k-shrink with k = 8
Solving k-shrink with k = 8
Solving k-shrink with k = 8
Solving k-shrink with k = 8
Solving k-shrink with k = 8
Solving k-shrink with k = 8
Solving k-shrink with k = 8
Solving k-shrink with k = 8
Solving k-shrink with k = 8
Solving k-shrink with k = 8
Solving k-shrink with k = 8
Solving k-shrink with k = 8
Solving k-shrink with k = 8
Solving k-shrink with k = 8
Solving k-shrink with k = 8
Solving k-shrink with k = 8
Solving k-shrink with k = 8
Solving k-shrink with k = 8
Solving k-shrink with k = 8
Solving k-shrink with k = 8
Solving k-shrink with k = 8
Solving k-shrink with k = 8
Solving k-shrink with k = 8
Solving k-shrink with k = 8
Solving k-shrink with k = 8
Solving k-shrink with k = 8
Solving k-shrink with k = 8
Solving k-shrink with k = 8
Solving k-shrink with k = 8
Solving k-shrink with k = 8
Solving k-shrink with k = 8
Solving k-shrink with k = 8
Solving k-shrink with k = 8
Solving k-shrink with k = 8
Solving k-shrink with k = 8
Solving k-shrink with k = 8
Solving k-shrink with k = 8
Solving k-shrink with k = 8
Solving k-shrink with k = 8
Solving k-shrink with k = 8
Solving k-shrink with k = 8
Solving k-shrink with k = 8
Solving k-shrink with k = 8
Solving k-shrink with k = 8
Solving k-shrink with k = 8
Solving k-shrink with k = 8
Solving k-shrink with k = 8
Solving k-shrink with k = 8
Solving k-shrink with k = 8
Solving k-shrink with k = 8
Solving k-shrink with k = 8
Solving k-shrink with k = 8
Solving k-shrink with k = 8
Solving k-shrink with k = 8
Solving k-shrink with k = 8
Solving k-shrink with k = 8
Solving k-shrink with k = 8
Solving k-shrink with k = 8
Solving k-shrink with k = 8
Solving k-shrink with k = 8
Solving k-shrink with k = 8
Solving k-shrink with k = 8
Solving k-shrink with k = 8
Solving k-shrink with k = 8
Solving k-shrink with k = 8
Solving k-shrink with k = 8
Solving k-shrink with k = 8
Solving k-shrink with k = 8
Solving k-shrink with k = 8
Solving k-shrink with k = 8
Solving k-shrink with k = 8
Solving k-shrink with k = 8
Solving k-shrink with k = 8
Solving k-shrink with k = 8
Solving k-shrink with k = 8
Solving k-shrink with k = 8
Solving k-shrink with k = 8
Solving k-shrink with k = 8
Solving k-shrink with k = 8
Solving k-shrink with k = 8
Solving k-shrink with k = 8
Solving k-shrink with k = 8
Solving k-shrink with k = 8
Solving k-shrink with k = 8
Solving k-shrink with k = 8
Solving k-shrink with k = 8
Solving k-shrink with k = 8
Solving k-shrink with k = 8
Solving k-shrink with k = 8
Solving k-shrink with k = 8
Solving k-shrink with k = 8
Solving k-shrink with k = 8
Solving k-shrink with k = 8
Solving k-shrink with k = 8
Solving k-shrink with k = 8
Solving k-shrink with k = 8
Solving k-shrink with k = 8
Solving k-shrink with k = 8
Solving k-shrink with k = 8
Solving k-shrink with k = 8
Solving k-shrink with k = 8
Solving k-shrink with k = 8
Solving k-shrink with k = 8
Solving k-shrink with k = 8
Solving k-shrink with k = 8
Solving k-shrink with k = 8
Solving k-shrink with k = 8
Solving k-shrink with k = 8
Solving k-shrink with k = 8
Solving k-shrink with k = 8
Solving k-shrink with k = 8
Solving k-shrink with k = 8
Solving k-shrink with k = 8
Solving k-shrink with k = 8
Solving k-shrink with k = 8
Solving k-shrink with k = 8
Solving k-shrink with k = 8
Solving k-shrink with k = 8
Solving k-shrink with k = 8
Solving k-shrink with k = 8
Solving k-shrink with k = 8
Solving k-shrink with k = 8
Solving k-shrink with k = 8
Solving k-shrink with k = 8
Solving k-shrink with k = 8
Solving k-shrink with k = 8
Solving k-shrink with k = 8
Solving k-shrink with k = 8
Solving k-shrink with k = 8
Solving k-shrink with k = 8
Solving k-shrink with k = 8
Solving k-shrink with k = 8
Solving k-shrink with k = 8
Solving k-shrink with k = 8
Solving k-shrink with k = 8
Solving k-shrink with k = 8
Solving k-shrink with k = 8
Solving k-shrink with k = 8
Solving k-shrink with k = 8
Solving k-shrink with k = 8
Solving k-shrink with k = 8
Solving k-shrink with k = 8
Solving k-shrink with k = 8
Solving k-shrink with k = 8
Solving k-shrink with k = 8
Solving k-shrink with k = 8Loading required package: BMS

Solving k-shrink with k = 8
Solving k-shrink with k = 8
Solving k-shrink with k = 8
Solving k-shrink with k = 8
Solving k-shrink with k = 8
Solving k-shrink with k = 8
Solving k-shrink with k = 8
Solving k-shrink with k = 8
Solving k-shrink with k = 8
Solving k-shrink with k = 8
Solving k-shrink with k = 8
Solving k-shrink with k = 8
Solving k-shrink with k = 8
Solving k-shrink with k = 8
Solving k-shrink with k = 8
Solving k-shrink with k = 8
Solving k-shrink with k = 8
Solving k-shrink with k = 8
Solving k-shrink with k = 8
Solving k-shrink with k = 8
Solving k-shrink with k = 8
Solving k-shrink with k = 8
Solving k-shrink with k = 8
Solving k-shrink with k = 8
Solving k-shrink with k = 8
Solving k-shrink with k = 8
Solving k-shrink with k = 8
Solving k-shrink with k = 8
Solving k-shrink with k = 8
Solving k-shrink with k = 8
Solving k-shrink with k = 8
Solving k-shrink with k = 8
Solving k-shrink with k = 8
Solving k-shrink with k = 8
Solving k-shrink with k = 8
Solving k-shrink with k = 8
Solving k-shrink with k = 8
Solving k-shrink with k = 8
Solving k-shrink with k = 8
Solving k-shrink with k = 8
Solving k-shrink with k = 8
Solving k-shrink with k = 8
Solving k-shrink with k = 8
Solving k-shrink with k = 8
Solving k-shrink with k = 8
Solving k-shrink with k = 8
Solving k-shrink with k = 8
Solving k-shrink with k = 8
Solving k-shrink with k = 8
Solving k-shrink with k = 8
Solving k-shrink with k = 8
Solving k-shrink with k = 8
Solving k-shrink with k = 8
Solving k-shrink with k = 8
Solving k-shrink with k = 8
Solving k-shrink with k = 8
Solving k-shrink with k = 8
Solving k-shrink with k = 8
Solving k-shrink with k = 8
Solving k-shrink with k = 8
Solving k-shrink with k = 8
Solving k-shrink with k = 8
Solving k-shrink with k = 8
Solving k-shrink with k = 8
Solving k-shrink with k = 8
Solving k-shrink with k = 8
Solving k-shrink with k = 8
Solving k-shrink with k = 8
Solving k-shrink with k = 8
Solving k-shrink with k = 8
Solving k-shrink with k = 8
Solving k-shrink with k = 8
Solving k-shrink with k = 8
Solving k-shrink with k = 8
Solving k-shrink with k = 8
Solving k-shrink with k = 8
Solving k-shrink with k = 8
Solving k-shrink with k = 8
Solving k-shrink with k = 8
Solving k-shrink with k = 8
Solving k-shrink with k = 8
Solving k-shrink with k = 8
Solving k-shrink with k = 8
Solving k-shrink with k = 8
Solving k-shrink with k = 8
Solving k-shrink with k = 8
Solving k-shrink with k = 8
Solving k-shrink with k = 8
Solving k-shrink with k = 8
Solving k-shrink with k = 8
Solving k-shrink with k = 8
Solving k-shrink with k = 8
Solving k-shrink with k = 8
Solving k-shrink with k = 8
Solving k-shrink with k = 8
Solving k-shrink with k = 8
Solving k-shrink with k = 8
Solving k-shrink with k = 8
Solving k-shrink with k = 8
Solving k-shrink with k = 8
done
computing MS ...
TreeCmp version 1.0-b291

Active options:
Type of the analysis:  one-to-all comparison mode (-r)
Metrics:
  1. MatchingSplit (ms)
Input file: ../gene_trees/LBF/xen.rs.gt.LBF.0.025.trees
Output file: ../results/xen.rs.0.025.MS.dat
Additional options:
P - Prune compared trees if needed (trees can have different leaf sets).
-----
2017-06-19 23:24:10: Start of scanning input file: ../gene_trees/LBF/xen.rs.gt.LBF.0.025.trees
2017-06-19 23:24:13: End of scanning input file: ../gene_trees/LBF/xen.rs.gt.LBF.0.025.trees
2017-06-19 23:24:13: 393 valid trees found in file: ../gene_trees/LBF/xen.rs.gt.LBF.0.025.trees
2017-06-19 23:24:13: Start of calculation...please wait...
2017-06-19 23:24:13: 0.00% completed...
2017-06-19 23:24:14: 5.09% completed...
2017-06-19 23:24:14: 10.18% completed...
2017-06-19 23:24:14: 15.27% completed...
2017-06-19 23:24:15: 20.36% completed...
2017-06-19 23:24:15: 25.45% completed...
2017-06-19 23:24:15: 30.53% completed...
2017-06-19 23:24:16: 35.62% completed...
2017-06-19 23:24:16: 40.71% completed...
2017-06-19 23:24:16: 45.80% completed...
2017-06-19 23:24:16: 50.89% completed...
2017-06-19 23:24:16: 55.98% completed...
2017-06-19 23:24:16: 61.07% completed...
2017-06-19 23:24:16: 66.16% completed...
2017-06-19 23:24:17: 71.25% completed...
2017-06-19 23:24:17: 76.34% completed...
2017-06-19 23:24:17: 81.42% completed...
2017-06-19 23:24:17: 86.51% completed...
2017-06-19 23:24:17: 91.60% completed...
2017-06-19 23:24:17: 96.69% completed...
2017-06-19 23:24:17: 100.00% completed.
2017-06-19 23:24:17: End of calculation.
2017-06-19 23:24:17: Total calculation time: 4261 ms.
done
computing RF ...
done
All done!
