filtering ...
Loading required package: BMS
Solving k-shrink with k = 16
Solving k-shrink with k = 16
Solving k-shrink with k = 14
Solving k-shrink with k = 16
Solving k-shrink with k = 14
Solving k-shrink with k = 14
Solving k-shrink with k = 14
Solving k-shrink with k = 16
Solving k-shrink with k = 16
Solving k-shrink with k = 14
Solving k-shrink with k = 16
Solving k-shrink with k = 14
Solving k-shrink with k = 16
Solving k-shrink with k = 14
Solving k-shrink with k = 16
Solving k-shrink with k = 14
Solving k-shrink with k = 16
Solving k-shrink with k = 16
Solving k-shrink with k = 14
Solving k-shrink with k = 14
Solving k-shrink with k = 14
Solving k-shrink with k = 16
Solving k-shrink with k = 14
Solving k-shrink with k = 14
Solving k-shrink with k = 14
Solving k-shrink with k = 14
Solving k-shrink with k = 14
Solving k-shrink with k = 14
Solving k-shrink with k = 14
Solving k-shrink with k = 16
Solving k-shrink with k = 14
Solving k-shrink with k = 16
Solving k-shrink with k = 16
Solving k-shrink with k = 16
Solving k-shrink with k = 14
Solving k-shrink with k = 14
Solving k-shrink with k = 16
Solving k-shrink with k = 16
Solving k-shrink with k = 16
Solving k-shrink with k = 14
Solving k-shrink with k = 14
Solving k-shrink with k = 14
Solving k-shrink with k = 14
Solving k-shrink with k = 14
Solving k-shrink with k = 14
Solving k-shrink with k = 14
Solving k-shrink with k = 14
Solving k-shrink with k = 16
Solving k-shrink with k = 16
Solving k-shrink with k = 16
Solving k-shrink with k = 16
Solving k-shrink with k = 16
Solving k-shrink with k = 14
Solving k-shrink with k = 14
Solving k-shrink with k = 16
Solving k-shrink with k = 16
Solving k-shrink with k = 14
Solving k-shrink with k = 16
Solving k-shrink with k = 14
Solving k-shrink with k = 14
Solving k-shrink with k = 16
Solving k-shrink with k = 14
Solving k-shrink with k = 16
Solving k-shrink with k = 16
Solving k-shrink with k = 14
Solving k-shrink with k = 16
Solving k-shrink with k = 16
Solving k-shrink with k = 14
Solving k-shrink with k = 14
Solving k-shrink with k = 16
Solving k-shrink with k = 16
Solving k-shrink with k = 16
Solving k-shrink with k = 14
Solving k-shrink with k = 14
Solving k-shrink with k = 16
Solving k-shrink with k = 16
Solving k-shrink with k = 14
Solving k-shrink with k = 16
Solving k-shrink with k = 14
Solving k-shrink with k = 14
Solving k-shrink with k = 14
Solving k-shrink with k = 14
Solving k-shrink with k = 16
Solving k-shrink with k = 14
Solving k-shrink with k = 14
Solving k-shrink with k = 14
Solving k-shrink with k = 14
Solving k-shrink with k = 14
Solving k-shrink with k = 14
Solving k-shrink with k = 14
Solving k-shrink with k = 16
Solving k-shrink with k = 16
Solving k-shrink with k = 16
Solving k-shrink with k = 14
Solving k-shrink with k = 16
Solving k-shrink with k = 14
Solving k-shrink with k = 16
Solving k-shrink with k = 16
Solving k-shrink with k = 14
Solving k-shrink with k = 16
Solving k-shrink with k = 16
Solving k-shrink with k = 14
Solving k-shrink with k = 16
Solving k-shrink with k = 14
Solving k-shrink with k = 16
Solving k-shrink with k = 14
Solving k-shrink with k = 16
Solving k-shrink with k = 16
Solving k-shrink with k = 16
Solving k-shrink with k = 14
Solving k-shrink with k = 16
Solving k-shrink with k = 14
Solving k-shrink with k = 16
Solving k-shrink with k = 16
Solving k-shrink with k = 16
Solving k-shrink with k = 16
Solving k-shrink with k = 16
Solving k-shrink with k = 16
Solving k-shrink with k = 16
Solving k-shrink with k = 16
Solving k-shrink with k = 14
Solving k-shrink with k = 16
Solving k-shrink with k = 16
Solving k-shrink with k = 14
Solving k-shrink with k = 16
Solving k-shrink with k = 14
Solving k-shrink with k = 14
Solving k-shrink with k = 16
Solving k-shrink with k = 16
Solving k-shrink with k = 14
Solving k-shrink with k = 14
Solving k-shrink with k = 16
Solving k-shrink with k = 16
Solving k-shrink with k = 14
Solving k-shrink with k = 16
Solving k-shrink with k = 14
Solving k-shrink with k = 16
Solving k-shrink with k = 14
Solving k-shrink with k = 16
Solving k-shrink with k = 14
Solving k-shrink with k = 14
Solving k-shrink with k = 14
Solving k-shrink with k = 14
Solving k-shrink with k = 16
Solving k-shrink with k = 14
Solving k-shrink with k = 16
Solving k-shrink with k = 16
Solving k-shrink with k = 14
Solving k-shrink with k = 14
Solving k-shrink with k = 16
Solving k-shrink with k = 16
Solving k-shrink with k = 14
Solving k-shrink with k = 16
Solving k-shrink with k = 16
Solving k-shrink with k = 14
Solving k-shrink with k = 16
Solving k-shrink with k = 16
Solving k-shrink with k = 14
Solving k-shrink with k = 14
Solving k-shrink with k = 16
Solving k-shrink with k = 16
Solving k-shrink with k = 14
Solving k-shrink with k = 14
Solving k-shrink with k = 14
Solving k-shrink with k = 14
Solving k-shrink with k = 14
Solving k-shrink with k = 16
Solving k-shrink with k = 16
Solving k-shrink with k = 16
Solving k-shrink with k = 14
Solving k-shrink with k = 16
Solving k-shrink with k = 14
Solving k-shrink with k = 16
Solving k-shrink with k = 14
Solving k-shrink with k = 16
Solving k-shrink with k = 14
Solving k-shrink with k = 14
Solving k-shrink with k = 14
Solving k-shrink with k = 16
Solving k-shrink with k = 16
Solving k-shrink with k = 16
Solving k-shrink with k = 16
Solving k-shrink with k = 14
Solving k-shrink with k = 14
Solving k-shrink with k = 14
Solving k-shrink with k = 16
Solving k-shrink with k = 16
Solving k-shrink with k = 16
Solving k-shrink with k = 14
Solving k-shrink with k = 14
Solving k-shrink with k = 14
Solving k-shrink with k = 16
Solving k-shrink with k = 16
Solving k-shrink with k = 16
Solving k-shrink with k = 14
Solving k-shrink with k = 16
Solving k-shrink with k = 14
Solving k-shrink with k = 14
Solving k-shrink with k = 16
Solving k-shrink with k = 14
Solving k-shrink with k = 16
Solving k-shrink with k = 14
Solving k-shrink with k = 14
Solving k-shrink with k = 14
Solving k-shrink with k = 16
Solving k-shrink with k = 14
Solving k-shrink with k = 16
Solving k-shrink with k = 14
Solving k-shrink with k = 14
Solving k-shrink with k = 16
Solving k-shrink with k = 14
Solving k-shrink with k = 14
done
computing MS ...
TreeCmp version 1.0-b291

Active options:
Type of the analysis:  one-to-all comparison mode (-r)
Metrics:
  1. MatchingSplit (ms)
Input file: ../gene_trees/LBF/xen.can.gt.LBF.0.015.trees
Output file: ../results/xen.can.0.015.MS.dat
Additional options:
P - Prune compared trees if needed (trees can have different leaf sets).
-----
2017-06-19 22:27:24: Start of scanning input file: ../gene_trees/LBF/xen.can.gt.LBF.0.015.trees
2017-06-19 22:27:27: End of scanning input file: ../gene_trees/LBF/xen.can.gt.LBF.0.015.trees
2017-06-19 22:27:27: 212 valid trees found in file: ../gene_trees/LBF/xen.can.gt.LBF.0.015.trees
2017-06-19 22:27:27: Start of calculation...please wait...
2017-06-19 22:27:27: 0.00% completed...
2017-06-19 22:27:28: 5.19% completed...
2017-06-19 22:27:29: 10.38% completed...
2017-06-19 22:27:29: 15.57% completed...
2017-06-19 22:27:30: 20.75% completed...
2017-06-19 22:27:30: 25.94% completed...
2017-06-19 22:27:30: 31.13% completed...
2017-06-19 22:27:31: 36.32% completed...
2017-06-19 22:27:31: 41.51% completed...
2017-06-19 22:27:31: 46.70% completed...
2017-06-19 22:27:32: 51.89% completed...
2017-06-19 22:27:32: 57.08% completed...
2017-06-19 22:27:32: 62.26% completed...
2017-06-19 22:27:32: 67.45% completed...
2017-06-19 22:27:32: 72.64% completed...
2017-06-19 22:27:33: 77.83% completed...
2017-06-19 22:27:33: 83.02% completed...
2017-06-19 22:27:33: 88.21% completed...
2017-06-19 22:27:33: 93.40% completed...
2017-06-19 22:27:33: 98.58% completed...
2017-06-19 22:27:33: 100.00% completed.
2017-06-19 22:27:33: End of calculation.
2017-06-19 22:27:33: Total calculation time: 6611 ms.
done
computing RF ...
done
All done!
