filtering ...
Solving k-shrink with k = 8
Solving k-shrink with k = 8
Solving k-shrink with k = 8
Solving k-shrink with k = 8
Solving k-shrink with k = 8
Solving k-shrink with k = 8
Solving k-shrink with k = 8
Solving k-shrink with k = 8
Solving k-shrink with k = 8
Solving k-shrink with k = 8
Solving k-shrink with k = 8
Solving k-shrink with k = 8
Solving k-shrink with k = 8
Solving k-shrink with k = 8
Solving k-shrink with k = 8
Solving k-shrink with k = 8
Solving k-shrink with k = 8
Solving k-shrink with k = 8
Solving k-shrink with k = 8
Solving k-shrink with k = 8
Solving k-shrink with k = 8
Solving k-shrink with k = 8
Solving k-shrink with k = 8
Solving k-shrink with k = 8
Solving k-shrink with k = 8
Solving k-shrink with k = 8
Solving k-shrink with k = 8
Solving k-shrink with k = 8
Solving k-shrink with k = 8
Solving k-shrink with k = 8
Solving k-shrink with k = 8
Solving k-shrink with k = 8
Solving k-shrink with k = 8
Solving k-shrink with k = 8
Solving k-shrink with k = 8
Solving k-shrink with k = 8
Solving k-shrink with k = 8
Solving k-shrink with k = 8
Solving k-shrink with k = 8
Solving k-shrink with k = 8
Solving k-shrink with k = 8
Solving k-shrink with k = 8
Solving k-shrink with k = 8
Solving k-shrink with k = 8
Solving k-shrink with k = 8
Solving k-shrink with k = 8
Solving k-shrink with k = 8
Solving k-shrink with k = 8
Solving k-shrink with k = 8
Solving k-shrink with k = 8
Solving k-shrink with k = 8
Solving k-shrink with k = 8
Solving k-shrink with k = 8
Solving k-shrink with k = 8
Solving k-shrink with k = 8
Solving k-shrink with k = 8
Solving k-shrink with k = 8
Solving k-shrink with k = 8
Solving k-shrink with k = 8
Solving k-shrink with k = 8
Solving k-shrink with k = 8
Solving k-shrink with k = 8
Solving k-shrink with k = 8
Solving k-shrink with k = 8
Solving k-shrink with k = 8
Solving k-shrink with k = 8
Solving k-shrink with k = 8
Solving k-shrink with k = 8
Solving k-shrink with k = 8
Solving k-shrink with k = 8
Solving k-shrink with k = 8
Solving k-shrink with k = 8
Solving k-shrink with k = 8
Solving k-shrink with k = 8
Solving k-shrink with k = 8
Solving k-shrink with k = 8
Solving k-shrink with k = 8
Solving k-shrink with k = 8
Solving k-shrink with k = 8
Solving k-shrink with k = 8
Solving k-shrink with k = 8
Solving k-shrink with k = 8
Solving k-shrink with k = 8
Solving k-shrink with k = 8
Solving k-shrink with k = 8
Solving k-shrink with k = 8
Solving k-shrink with k = 8
Solving k-shrink with k = 8
Solving k-shrink with k = 8
Solving k-shrink with k = 8
Solving k-shrink with k = 8
Solving k-shrink with k = 8
Solving k-shrink with k = 8
Solving k-shrink with k = 8
Solving k-shrink with k = 8
Solving k-shrink with k = 8
Solving k-shrink with k = 8
Solving k-shrink with k = 8
Solving k-shrink with k = 8
Solving k-shrink with k = 8
Solving k-shrink with k = 8
Solving k-shrink with k = 8
Solving k-shrink with k = 8
Solving k-shrink with k = 8
Solving k-shrink with k = 8
Solving k-shrink with k = 8
Solving k-shrink with k = 8
Solving k-shrink with k = 8
Solving k-shrink with k = 8
Solving k-shrink with k = 8
Solving k-shrink with k = 8
Solving k-shrink with k = 8
Solving k-shrink with k = 8
Solving k-shrink with k = 8
Solving k-shrink with k = 8
Solving k-shrink with k = 8
Solving k-shrink with k = 8
Solving k-shrink with k = 8
Solving k-shrink with k = 8
Solving k-shrink with k = 8
Solving k-shrink with k = 8
Solving k-shrink with k = 8
Solving k-shrink with k = 8
Solving k-shrink with k = 8
Solving k-shrink with k = 8
Solving k-shrink with k = 8
Solving k-shrink with k = 8
Solving k-shrink with k = 8
Solving k-shrink with k = 8
Solving k-shrink with k = 8
Solving k-shrink with k = 8
Solving k-shrink with k = 8
Solving k-shrink with k = 8
Solving k-shrink with k = 8
Solving k-shrink with k = 8
Solving k-shrink with k = 8
Solving k-shrink with k = 8
Solving k-shrink with k = 8
Solving k-shrink with k = 8
Solving k-shrink with k = 8
Solving k-shrink with k = 8
Solving k-shrink with k = 8
Solving k-shrink with k = 8
Solving k-shrink with k = 8
Solving k-shrink with k = 8
Solving k-shrink with k = 8
Solving k-shrink with k = 8
Solving k-shrink with k = 8
Solving k-shrink with k = 8
Solving k-shrink with k = 8
Solving k-shrink with k = 8
Solving k-shrink with k = 8
Solving k-shrink with k = 8
Solving k-shrink with k = 8
Solving k-shrink with k = 8
Solving k-shrink with k = 8
Solving k-shrink with k = 8
Solving k-shrink with k = 8
Solving k-shrink with k = 8
Solving k-shrink with k = 8
Solving k-shrink with k = 8
Solving k-shrink with k = 8
Solving k-shrink with k = 8
Solving k-shrink with k = 8
Solving k-shrink with k = 8
Solving k-shrink with k = 8
Solving k-shrink with k = 8
Solving k-shrink with k = 8
Solving k-shrink with k = 8
Solving k-shrink with k = 8
Solving k-shrink with k = 8
Solving k-shrink with k = 8
Solving k-shrink with k = 8
Solving k-shrink with k = 8
Solving k-shrink with k = 8
Solving k-shrink with k = 8
Solving k-shrink with k = 8
Solving k-shrink with k = 8
Solving k-shrink with k = 8
Solving k-shrink with k = 8
Solving k-shrink with k = 8
Solving k-shrink with k = 8
Solving k-shrink with k = 8
Solving k-shrink with k = 8
Solving k-shrink with k = 8
Solving k-shrink with k = 8
Solving k-shrink with k = 8
Solving k-shrink with k = 8
Solving k-shrink with k = 8
Solving k-shrink with k = 8
Solving k-shrink with k = 8
Solving k-shrink with k = 8
Solving k-shrink with k = 8
Solving k-shrink with k = 8
Solving k-shrink with k = 8
Solving k-shrink with k = 8
Solving k-shrink with k = 8
Solving k-shrink with k = 8
Solving k-shrink with k = 8
Solving k-shrink with k = 8
Solving k-shrink with k = 8
Solving k-shrink with k = 8
Solving k-shrink with k = 8
Solving k-shrink with k = 8
Solving k-shrink with k = 8
Solving k-shrink with k = 8
Solving k-shrink with k = 8
Solving k-shrink with k = 8
Solving k-shrink with k = 8
Solving k-shrink with k = 8
Solving k-shrink with k = 8
Solving k-shrink with k = 8
Solving k-shrink with k = 8
Solving k-shrink with k = 8
Solving k-shrink with k = 8
Solving k-shrink with k = 8
Solving k-shrink with k = 8
Solving k-shrink with k = 8
Solving k-shrink with k = 8
Solving k-shrink with k = 8
Solving k-shrink with k = 8
Solving k-shrink with k = 8
Solving k-shrink with k = 8
Solving k-shrink with k = 8
Solving k-shrink with k = 8
Solving k-shrink with k = 8
Solving k-shrink with k = 8
Solving k-shrink with k = 8
Solving k-shrink with k = 8
Solving k-shrink with k = 8
Solving k-shrink with k = 8
Solving k-shrink with k = 8
Solving k-shrink with k = 8
Solving k-shrink with k = 8
Solving k-shrink with k = 8
Solving k-shrink with k = 8
Solving k-shrink with k = 8
Solving k-shrink with k = 8
Solving k-shrink with k = 8
Solving k-shrink with k = 8
Solving k-shrink with k = 8
Solving k-shrink with k = 8
Solving k-shrink with k = 8
Solving k-shrink with k = 8
Solving k-shrink with k = 8
Solving k-shrink with k = 8
Solving k-shrink with k = 8
Solving k-shrink with k = 8
Solving k-shrink with k = 8
Solving k-shrink with k = 8
Solving k-shrink with k = 8
Solving k-shrink with k = 8
Solving k-shrink with k = 8
Solving k-shrink with k = 8
Solving k-shrink with k = 8
Solving k-shrink with k = 8
Solving k-shrink with k = 8
Solving k-shrink with k = 8
Solving k-shrink with k = 8
Solving k-shrink with k = 8
Solving k-shrink with k = 8
Solving k-shrink with k = 8
Solving k-shrink with k = 8
Solving k-shrink with k = 8
Solving k-shrink with k = 8
Solving k-shrink with k = 8
Solving k-shrink with k = 8
Solving k-shrink with k = 8
Solving k-shrink with k = 8
Solving k-shrink with k = 8
Solving k-shrink with k = 8
Solving k-shrink with k = 8
Solving k-shrink with k = 8
Solving k-shrink with k = 8
Solving k-shrink with k = 8
Solving k-shrink with k = 8
Solving k-shrink with k = 8
Solving k-shrink with k = 8
Solving k-shrink with k = 8
Solving k-shrink with k = 8
Solving k-shrink with k = 8
Solving k-shrink with k = 8
Solving k-shrink with k = 8
Solving k-shrink with k = 8
Solving k-shrink with k = 8
Solving k-shrink with k = 8
Solving k-shrink with k = 8
Solving k-shrink with k = 8
Solving k-shrink with k = 8
Solving k-shrink with k = 8
Solving k-shrink with k = 8
Solving k-shrink with k = 8
Solving k-shrink with k = 8Loading required package: BMS

Solving k-shrink with k = 8
Solving k-shrink with k = 8
Solving k-shrink with k = 8
Solving k-shrink with k = 8
Solving k-shrink with k = 8
Solving k-shrink with k = 8
Solving k-shrink with k = 8
Solving k-shrink with k = 8
Solving k-shrink with k = 8
Solving k-shrink with k = 8
Solving k-shrink with k = 8
Solving k-shrink with k = 8
Solving k-shrink with k = 8
Solving k-shrink with k = 8
Solving k-shrink with k = 8
Solving k-shrink with k = 8
Solving k-shrink with k = 8
Solving k-shrink with k = 8
Solving k-shrink with k = 8
Solving k-shrink with k = 8
Solving k-shrink with k = 8
Solving k-shrink with k = 8
Solving k-shrink with k = 8
Solving k-shrink with k = 8
Solving k-shrink with k = 8
Solving k-shrink with k = 8
Solving k-shrink with k = 8
Solving k-shrink with k = 8
Solving k-shrink with k = 8
Solving k-shrink with k = 8
Solving k-shrink with k = 8
Solving k-shrink with k = 8
Solving k-shrink with k = 8
Solving k-shrink with k = 8
Solving k-shrink with k = 8
Solving k-shrink with k = 8
Solving k-shrink with k = 8
Solving k-shrink with k = 8
Solving k-shrink with k = 8
Solving k-shrink with k = 8
Solving k-shrink with k = 8
Solving k-shrink with k = 8
Solving k-shrink with k = 8
Solving k-shrink with k = 8
Solving k-shrink with k = 8
Solving k-shrink with k = 8
Solving k-shrink with k = 8
Solving k-shrink with k = 8
Solving k-shrink with k = 8
Solving k-shrink with k = 8
Solving k-shrink with k = 8
Solving k-shrink with k = 8
Solving k-shrink with k = 8
Solving k-shrink with k = 8
Solving k-shrink with k = 8
Solving k-shrink with k = 8
Solving k-shrink with k = 8
Solving k-shrink with k = 8
Solving k-shrink with k = 8
Solving k-shrink with k = 8
Solving k-shrink with k = 8
Solving k-shrink with k = 8
Solving k-shrink with k = 8
Solving k-shrink with k = 8
Solving k-shrink with k = 8
Solving k-shrink with k = 8
Solving k-shrink with k = 8
Solving k-shrink with k = 8
Solving k-shrink with k = 8
Solving k-shrink with k = 8
Solving k-shrink with k = 8
Solving k-shrink with k = 8
Solving k-shrink with k = 8
Solving k-shrink with k = 8
Solving k-shrink with k = 8
Solving k-shrink with k = 8
Solving k-shrink with k = 8
Solving k-shrink with k = 8
Solving k-shrink with k = 8
Solving k-shrink with k = 8
Solving k-shrink with k = 8
Solving k-shrink with k = 8
Solving k-shrink with k = 8
Solving k-shrink with k = 8
Solving k-shrink with k = 8
Solving k-shrink with k = 8
Solving k-shrink with k = 8
Solving k-shrink with k = 8
Solving k-shrink with k = 8
Solving k-shrink with k = 8
Solving k-shrink with k = 8
Solving k-shrink with k = 8
Solving k-shrink with k = 8
Solving k-shrink with k = 8
Solving k-shrink with k = 8
Solving k-shrink with k = 8
Solving k-shrink with k = 8
Solving k-shrink with k = 8
Solving k-shrink with k = 8
Solving k-shrink with k = 8
done
computing MS ...
TreeCmp version 1.0-b291

Active options:
Type of the analysis:  one-to-all comparison mode (-r)
Metrics:
  1. MatchingSplit (ms)
Input file: ../gene_trees/LBF/xen.rs.gt.LBF.0.145.trees
Output file: ../results/xen.rs.0.145.MS.dat
Additional options:
P - Prune compared trees if needed (trees can have different leaf sets).
-----
2017-06-19 23:24:03: Start of scanning input file: ../gene_trees/LBF/xen.rs.gt.LBF.0.145.trees
2017-06-19 23:24:05: End of scanning input file: ../gene_trees/LBF/xen.rs.gt.LBF.0.145.trees
2017-06-19 23:24:05: 393 valid trees found in file: ../gene_trees/LBF/xen.rs.gt.LBF.0.145.trees
2017-06-19 23:24:05: Start of calculation...please wait...
2017-06-19 23:24:05: 0.00% completed...
2017-06-19 23:24:05: 5.09% completed...
2017-06-19 23:24:06: 10.18% completed...
2017-06-19 23:24:06: 15.27% completed...
2017-06-19 23:24:06: 20.36% completed...
2017-06-19 23:24:06: 25.45% completed...
2017-06-19 23:24:06: 30.53% completed...
2017-06-19 23:24:06: 35.62% completed...
2017-06-19 23:24:07: 40.71% completed...
2017-06-19 23:24:07: 45.80% completed...
2017-06-19 23:24:07: 50.89% completed...
2017-06-19 23:24:07: 55.98% completed...
2017-06-19 23:24:07: 61.07% completed...
2017-06-19 23:24:07: 66.16% completed...
2017-06-19 23:24:08: 71.25% completed...
2017-06-19 23:24:08: 76.34% completed...
2017-06-19 23:24:08: 81.42% completed...
2017-06-19 23:24:08: 86.51% completed...
2017-06-19 23:24:08: 91.60% completed...
2017-06-19 23:24:08: 96.69% completed...
2017-06-19 23:24:08: 100.00% completed.
2017-06-19 23:24:08: End of calculation.
2017-06-19 23:24:08: Total calculation time: 3597 ms.
done
computing RF ...
done
All done!
