filtering ...
Loading required package: BMS
Solving k-shrink with k = 16
Solving k-shrink with k = 16
Solving k-shrink with k = 14
Solving k-shrink with k = 16
Solving k-shrink with k = 14
Solving k-shrink with k = 14
Solving k-shrink with k = 14
Solving k-shrink with k = 16
Solving k-shrink with k = 16
Solving k-shrink with k = 14
Solving k-shrink with k = 16
Solving k-shrink with k = 14
Solving k-shrink with k = 16
Solving k-shrink with k = 14
Solving k-shrink with k = 16
Solving k-shrink with k = 14
Solving k-shrink with k = 16
Solving k-shrink with k = 16
Solving k-shrink with k = 14
Solving k-shrink with k = 14
Solving k-shrink with k = 14
Solving k-shrink with k = 16
Solving k-shrink with k = 14
Solving k-shrink with k = 14
Solving k-shrink with k = 14
Solving k-shrink with k = 14
Solving k-shrink with k = 14
Solving k-shrink with k = 14
Solving k-shrink with k = 14
Solving k-shrink with k = 16
Solving k-shrink with k = 14
Solving k-shrink with k = 16
Solving k-shrink with k = 16
Solving k-shrink with k = 16
Solving k-shrink with k = 14
Solving k-shrink with k = 14
Solving k-shrink with k = 16
Solving k-shrink with k = 16
Solving k-shrink with k = 16
Solving k-shrink with k = 14
Solving k-shrink with k = 14
Solving k-shrink with k = 14
Solving k-shrink with k = 14
Solving k-shrink with k = 14
Solving k-shrink with k = 14
Solving k-shrink with k = 14
Solving k-shrink with k = 14
Solving k-shrink with k = 16
Solving k-shrink with k = 16
Solving k-shrink with k = 16
Solving k-shrink with k = 16
Solving k-shrink with k = 16
Solving k-shrink with k = 14
Solving k-shrink with k = 14
Solving k-shrink with k = 16
Solving k-shrink with k = 16
Solving k-shrink with k = 14
Solving k-shrink with k = 16
Solving k-shrink with k = 14
Solving k-shrink with k = 14
Solving k-shrink with k = 16
Solving k-shrink with k = 14
Solving k-shrink with k = 16
Solving k-shrink with k = 16
Solving k-shrink with k = 14
Solving k-shrink with k = 16
Solving k-shrink with k = 16
Solving k-shrink with k = 14
Solving k-shrink with k = 14
Solving k-shrink with k = 16
Solving k-shrink with k = 16
Solving k-shrink with k = 16
Solving k-shrink with k = 14
Solving k-shrink with k = 14
Solving k-shrink with k = 16
Solving k-shrink with k = 16
Solving k-shrink with k = 14
Solving k-shrink with k = 16
Solving k-shrink with k = 14
Solving k-shrink with k = 14
Solving k-shrink with k = 14
Solving k-shrink with k = 14
Solving k-shrink with k = 16
Solving k-shrink with k = 14
Solving k-shrink with k = 14
Solving k-shrink with k = 14
Solving k-shrink with k = 14
Solving k-shrink with k = 14
Solving k-shrink with k = 14
Solving k-shrink with k = 14
Solving k-shrink with k = 16
Solving k-shrink with k = 16
Solving k-shrink with k = 16
Solving k-shrink with k = 14
Solving k-shrink with k = 16
Solving k-shrink with k = 14
Solving k-shrink with k = 16
Solving k-shrink with k = 16
Solving k-shrink with k = 14
Solving k-shrink with k = 16
Solving k-shrink with k = 16
Solving k-shrink with k = 14
Solving k-shrink with k = 16
Solving k-shrink with k = 14
Solving k-shrink with k = 16
Solving k-shrink with k = 14
Solving k-shrink with k = 16
Solving k-shrink with k = 16
Solving k-shrink with k = 16
Solving k-shrink with k = 14
Solving k-shrink with k = 16
Solving k-shrink with k = 14
Solving k-shrink with k = 16
Solving k-shrink with k = 16
Solving k-shrink with k = 16
Solving k-shrink with k = 16
Solving k-shrink with k = 16
Solving k-shrink with k = 16
Solving k-shrink with k = 16
Solving k-shrink with k = 16
Solving k-shrink with k = 14
Solving k-shrink with k = 16
Solving k-shrink with k = 16
Solving k-shrink with k = 14
Solving k-shrink with k = 16
Solving k-shrink with k = 14
Solving k-shrink with k = 14
Solving k-shrink with k = 16
Solving k-shrink with k = 16
Solving k-shrink with k = 14
Solving k-shrink with k = 14
Solving k-shrink with k = 16
Solving k-shrink with k = 16
Solving k-shrink with k = 14
Solving k-shrink with k = 16
Solving k-shrink with k = 14
Solving k-shrink with k = 16
Solving k-shrink with k = 14
Solving k-shrink with k = 16
Solving k-shrink with k = 14
Solving k-shrink with k = 14
Solving k-shrink with k = 14
Solving k-shrink with k = 14
Solving k-shrink with k = 16
Solving k-shrink with k = 14
Solving k-shrink with k = 16
Solving k-shrink with k = 16
Solving k-shrink with k = 14
Solving k-shrink with k = 14
Solving k-shrink with k = 16
Solving k-shrink with k = 16
Solving k-shrink with k = 14
Solving k-shrink with k = 16
Solving k-shrink with k = 16
Solving k-shrink with k = 14
Solving k-shrink with k = 16
Solving k-shrink with k = 16
Solving k-shrink with k = 14
Solving k-shrink with k = 14
Solving k-shrink with k = 16
Solving k-shrink with k = 16
Solving k-shrink with k = 14
Solving k-shrink with k = 14
Solving k-shrink with k = 14
Solving k-shrink with k = 14
Solving k-shrink with k = 14
Solving k-shrink with k = 16
Solving k-shrink with k = 16
Solving k-shrink with k = 16
Solving k-shrink with k = 14
Solving k-shrink with k = 16
Solving k-shrink with k = 14
Solving k-shrink with k = 16
Solving k-shrink with k = 14
Solving k-shrink with k = 16
Solving k-shrink with k = 14
Solving k-shrink with k = 14
Solving k-shrink with k = 14
Solving k-shrink with k = 16
Solving k-shrink with k = 16
Solving k-shrink with k = 16
Solving k-shrink with k = 16
Solving k-shrink with k = 14
Solving k-shrink with k = 14
Solving k-shrink with k = 14
Solving k-shrink with k = 16
Solving k-shrink with k = 16
Solving k-shrink with k = 16
Solving k-shrink with k = 14
Solving k-shrink with k = 14
Solving k-shrink with k = 14
Solving k-shrink with k = 16
Solving k-shrink with k = 16
Solving k-shrink with k = 16
Solving k-shrink with k = 14
Solving k-shrink with k = 16
Solving k-shrink with k = 14
Solving k-shrink with k = 14
Solving k-shrink with k = 16
Solving k-shrink with k = 14
Solving k-shrink with k = 16
Solving k-shrink with k = 14
Solving k-shrink with k = 14
Solving k-shrink with k = 14
Solving k-shrink with k = 16
Solving k-shrink with k = 14
Solving k-shrink with k = 16
Solving k-shrink with k = 14
Solving k-shrink with k = 14
Solving k-shrink with k = 16
Solving k-shrink with k = 14
Solving k-shrink with k = 14
done
computing MS ...
TreeCmp version 1.0-b291

Active options:
Type of the analysis:  one-to-all comparison mode (-r)
Metrics:
  1. MatchingSplit (ms)
Input file: ../gene_trees/LBF/xen.can.gt.LBF.0.050.trees
Output file: ../results/xen.can.0.050.MS.dat
Additional options:
P - Prune compared trees if needed (trees can have different leaf sets).
-----
2017-06-19 22:27:22: Start of scanning input file: ../gene_trees/LBF/xen.can.gt.LBF.0.050.trees
2017-06-19 22:27:24: End of scanning input file: ../gene_trees/LBF/xen.can.gt.LBF.0.050.trees
2017-06-19 22:27:24: 212 valid trees found in file: ../gene_trees/LBF/xen.can.gt.LBF.0.050.trees
2017-06-19 22:27:24: Start of calculation...please wait...
2017-06-19 22:27:24: 0.00% completed...
2017-06-19 22:27:25: 5.19% completed...
2017-06-19 22:27:26: 10.38% completed...
2017-06-19 22:27:26: 15.57% completed...
2017-06-19 22:27:27: 20.75% completed...
2017-06-19 22:27:27: 25.94% completed...
2017-06-19 22:27:28: 31.13% completed...
2017-06-19 22:27:28: 36.32% completed...
2017-06-19 22:27:28: 41.51% completed...
2017-06-19 22:27:28: 46.70% completed...
2017-06-19 22:27:29: 51.89% completed...
2017-06-19 22:27:29: 57.08% completed...
2017-06-19 22:27:29: 62.26% completed...
2017-06-19 22:27:29: 67.45% completed...
2017-06-19 22:27:30: 72.64% completed...
2017-06-19 22:27:30: 77.83% completed...
2017-06-19 22:27:30: 83.02% completed...
2017-06-19 22:27:30: 88.21% completed...
2017-06-19 22:27:30: 93.40% completed...
2017-06-19 22:27:31: 98.58% completed...
2017-06-19 22:27:31: 100.00% completed.
2017-06-19 22:27:31: End of calculation.
2017-06-19 22:27:31: Total calculation time: 6332 ms.
done
computing RF ...
done
All done!
