filtering ...
Loading required package: BMS
Solving k-shrink with k = 16
Solving k-shrink with k = 16
Solving k-shrink with k = 14
Solving k-shrink with k = 16
Solving k-shrink with k = 14
Solving k-shrink with k = 14
Solving k-shrink with k = 14
Solving k-shrink with k = 16
Solving k-shrink with k = 16
Solving k-shrink with k = 14
Solving k-shrink with k = 16
Solving k-shrink with k = 14
Solving k-shrink with k = 16
Solving k-shrink with k = 14
Solving k-shrink with k = 16
Solving k-shrink with k = 14
Solving k-shrink with k = 16
Solving k-shrink with k = 16
Solving k-shrink with k = 14
Solving k-shrink with k = 14
Solving k-shrink with k = 14
Solving k-shrink with k = 16
Solving k-shrink with k = 14
Solving k-shrink with k = 14
Solving k-shrink with k = 14
Solving k-shrink with k = 14
Solving k-shrink with k = 14
Solving k-shrink with k = 14
Solving k-shrink with k = 14
Solving k-shrink with k = 16
Solving k-shrink with k = 14
Solving k-shrink with k = 16
Solving k-shrink with k = 16
Solving k-shrink with k = 16
Solving k-shrink with k = 14
Solving k-shrink with k = 14
Solving k-shrink with k = 16
Solving k-shrink with k = 16
Solving k-shrink with k = 16
Solving k-shrink with k = 14
Solving k-shrink with k = 14
Solving k-shrink with k = 14
Solving k-shrink with k = 14
Solving k-shrink with k = 14
Solving k-shrink with k = 14
Solving k-shrink with k = 14
Solving k-shrink with k = 14
Solving k-shrink with k = 16
Solving k-shrink with k = 16
Solving k-shrink with k = 16
Solving k-shrink with k = 16
Solving k-shrink with k = 16
Solving k-shrink with k = 14
Solving k-shrink with k = 14
Solving k-shrink with k = 16
Solving k-shrink with k = 16
Solving k-shrink with k = 14
Solving k-shrink with k = 16
Solving k-shrink with k = 14
Solving k-shrink with k = 14
Solving k-shrink with k = 16
Solving k-shrink with k = 14
Solving k-shrink with k = 16
Solving k-shrink with k = 16
Solving k-shrink with k = 14
Solving k-shrink with k = 16
Solving k-shrink with k = 16
Solving k-shrink with k = 14
Solving k-shrink with k = 14
Solving k-shrink with k = 16
Solving k-shrink with k = 16
Solving k-shrink with k = 16
Solving k-shrink with k = 14
Solving k-shrink with k = 14
Solving k-shrink with k = 16
Solving k-shrink with k = 16
Solving k-shrink with k = 14
Solving k-shrink with k = 16
Solving k-shrink with k = 14
Solving k-shrink with k = 14
Solving k-shrink with k = 14
Solving k-shrink with k = 14
Solving k-shrink with k = 16
Solving k-shrink with k = 14
Solving k-shrink with k = 14
Solving k-shrink with k = 14
Solving k-shrink with k = 14
Solving k-shrink with k = 14
Solving k-shrink with k = 14
Solving k-shrink with k = 14
Solving k-shrink with k = 16
Solving k-shrink with k = 16
Solving k-shrink with k = 16
Solving k-shrink with k = 14
Solving k-shrink with k = 16
Solving k-shrink with k = 14
Solving k-shrink with k = 16
Solving k-shrink with k = 16
Solving k-shrink with k = 14
Solving k-shrink with k = 16
Solving k-shrink with k = 16
Solving k-shrink with k = 14
Solving k-shrink with k = 16
Solving k-shrink with k = 14
Solving k-shrink with k = 16
Solving k-shrink with k = 14
Solving k-shrink with k = 16
Solving k-shrink with k = 16
Solving k-shrink with k = 16
Solving k-shrink with k = 14
Solving k-shrink with k = 16
Solving k-shrink with k = 14
Solving k-shrink with k = 16
Solving k-shrink with k = 16
Solving k-shrink with k = 16
Solving k-shrink with k = 16
Solving k-shrink with k = 16
Solving k-shrink with k = 16
Solving k-shrink with k = 16
Solving k-shrink with k = 16
Solving k-shrink with k = 14
Solving k-shrink with k = 16
Solving k-shrink with k = 16
Solving k-shrink with k = 14
Solving k-shrink with k = 16
Solving k-shrink with k = 14
Solving k-shrink with k = 14
Solving k-shrink with k = 16
Solving k-shrink with k = 16
Solving k-shrink with k = 14
Solving k-shrink with k = 14
Solving k-shrink with k = 16
Solving k-shrink with k = 16
Solving k-shrink with k = 14
Solving k-shrink with k = 16
Solving k-shrink with k = 14
Solving k-shrink with k = 16
Solving k-shrink with k = 14
Solving k-shrink with k = 16
Solving k-shrink with k = 14
Solving k-shrink with k = 14
Solving k-shrink with k = 14
Solving k-shrink with k = 14
Solving k-shrink with k = 16
Solving k-shrink with k = 14
Solving k-shrink with k = 16
Solving k-shrink with k = 16
Solving k-shrink with k = 14
Solving k-shrink with k = 14
Solving k-shrink with k = 16
Solving k-shrink with k = 16
Solving k-shrink with k = 14
Solving k-shrink with k = 16
Solving k-shrink with k = 16
Solving k-shrink with k = 14
Solving k-shrink with k = 16
Solving k-shrink with k = 16
Solving k-shrink with k = 14
Solving k-shrink with k = 14
Solving k-shrink with k = 16
Solving k-shrink with k = 16
Solving k-shrink with k = 14
Solving k-shrink with k = 14
Solving k-shrink with k = 14
Solving k-shrink with k = 14
Solving k-shrink with k = 14
Solving k-shrink with k = 16
Solving k-shrink with k = 16
Solving k-shrink with k = 16
Solving k-shrink with k = 14
Solving k-shrink with k = 16
Solving k-shrink with k = 14
Solving k-shrink with k = 16
Solving k-shrink with k = 14
Solving k-shrink with k = 16
Solving k-shrink with k = 14
Solving k-shrink with k = 14
Solving k-shrink with k = 14
Solving k-shrink with k = 16
Solving k-shrink with k = 16
Solving k-shrink with k = 16
Solving k-shrink with k = 16
Solving k-shrink with k = 14
Solving k-shrink with k = 14
Solving k-shrink with k = 14
Solving k-shrink with k = 16
Solving k-shrink with k = 16
Solving k-shrink with k = 16
Solving k-shrink with k = 14
Solving k-shrink with k = 14
Solving k-shrink with k = 14
Solving k-shrink with k = 16
Solving k-shrink with k = 16
Solving k-shrink with k = 16
Solving k-shrink with k = 14
Solving k-shrink with k = 16
Solving k-shrink with k = 14
Solving k-shrink with k = 14
Solving k-shrink with k = 16
Solving k-shrink with k = 14
Solving k-shrink with k = 16
Solving k-shrink with k = 14
Solving k-shrink with k = 14
Solving k-shrink with k = 14
Solving k-shrink with k = 16
Solving k-shrink with k = 14
Solving k-shrink with k = 16
Solving k-shrink with k = 14
Solving k-shrink with k = 14
Solving k-shrink with k = 16
Solving k-shrink with k = 14
Solving k-shrink with k = 14
done
computing MS ...
TreeCmp version 1.0-b291

Active options:
Type of the analysis:  one-to-all comparison mode (-r)
Metrics:
  1. MatchingSplit (ms)
Input file: ../gene_trees/LBF/xen.can.gt.LBF.0.150.trees
Output file: ../results/xen.can.0.150.MS.dat
Additional options:
P - Prune compared trees if needed (trees can have different leaf sets).
-----
2017-06-19 22:27:16: Start of scanning input file: ../gene_trees/LBF/xen.can.gt.LBF.0.150.trees
2017-06-19 22:27:19: End of scanning input file: ../gene_trees/LBF/xen.can.gt.LBF.0.150.trees
2017-06-19 22:27:19: 212 valid trees found in file: ../gene_trees/LBF/xen.can.gt.LBF.0.150.trees
2017-06-19 22:27:19: Start of calculation...please wait...
2017-06-19 22:27:20: 0.00% completed...
2017-06-19 22:27:21: 5.19% completed...
2017-06-19 22:27:22: 10.38% completed...
2017-06-19 22:27:22: 15.57% completed...
2017-06-19 22:27:23: 20.75% completed...
2017-06-19 22:27:23: 25.94% completed...
2017-06-19 22:27:24: 31.13% completed...
2017-06-19 22:27:24: 36.32% completed...
2017-06-19 22:27:24: 41.51% completed...
2017-06-19 22:27:24: 46.70% completed...
2017-06-19 22:27:25: 51.89% completed...
2017-06-19 22:27:25: 57.08% completed...
2017-06-19 22:27:25: 62.26% completed...
2017-06-19 22:27:26: 67.45% completed...
2017-06-19 22:27:26: 72.64% completed...
2017-06-19 22:27:26: 77.83% completed...
2017-06-19 22:27:26: 83.02% completed...
2017-06-19 22:27:27: 88.21% completed...
2017-06-19 22:27:27: 93.40% completed...
2017-06-19 22:27:27: 98.58% completed...
2017-06-19 22:27:27: 100.00% completed.
2017-06-19 22:27:27: End of calculation.
2017-06-19 22:27:27: Total calculation time: 7574 ms.
done
computing RF ...
done
All done!
