filtering ...
Loading required package: BMS
Solving k-shrink with k = 16
Solving k-shrink with k = 16
Solving k-shrink with k = 14
Solving k-shrink with k = 16
Solving k-shrink with k = 14
Solving k-shrink with k = 14
Solving k-shrink with k = 14
Solving k-shrink with k = 16
Solving k-shrink with k = 16
Solving k-shrink with k = 14
Solving k-shrink with k = 16
Solving k-shrink with k = 14
Solving k-shrink with k = 16
Solving k-shrink with k = 14
Solving k-shrink with k = 16
Solving k-shrink with k = 14
Solving k-shrink with k = 16
Solving k-shrink with k = 16
Solving k-shrink with k = 14
Solving k-shrink with k = 14
Solving k-shrink with k = 14
Solving k-shrink with k = 16
Solving k-shrink with k = 14
Solving k-shrink with k = 14
Solving k-shrink with k = 14
Solving k-shrink with k = 14
Solving k-shrink with k = 14
Solving k-shrink with k = 14
Solving k-shrink with k = 14
Solving k-shrink with k = 16
Solving k-shrink with k = 14
Solving k-shrink with k = 16
Solving k-shrink with k = 16
Solving k-shrink with k = 16
Solving k-shrink with k = 14
Solving k-shrink with k = 14
Solving k-shrink with k = 16
Solving k-shrink with k = 16
Solving k-shrink with k = 16
Solving k-shrink with k = 14
Solving k-shrink with k = 14
Solving k-shrink with k = 14
Solving k-shrink with k = 14
Solving k-shrink with k = 14
Solving k-shrink with k = 14
Solving k-shrink with k = 14
Solving k-shrink with k = 14
Solving k-shrink with k = 16
Solving k-shrink with k = 16
Solving k-shrink with k = 16
Solving k-shrink with k = 16
Solving k-shrink with k = 16
Solving k-shrink with k = 14
Solving k-shrink with k = 14
Solving k-shrink with k = 16
Solving k-shrink with k = 16
Solving k-shrink with k = 14
Solving k-shrink with k = 16
Solving k-shrink with k = 14
Solving k-shrink with k = 14
Solving k-shrink with k = 16
Solving k-shrink with k = 14
Solving k-shrink with k = 16
Solving k-shrink with k = 16
Solving k-shrink with k = 14
Solving k-shrink with k = 16
Solving k-shrink with k = 16
Solving k-shrink with k = 14
Solving k-shrink with k = 14
Solving k-shrink with k = 16
Solving k-shrink with k = 16
Solving k-shrink with k = 16
Solving k-shrink with k = 14
Solving k-shrink with k = 14
Solving k-shrink with k = 16
Solving k-shrink with k = 16
Solving k-shrink with k = 14
Solving k-shrink with k = 16
Solving k-shrink with k = 14
Solving k-shrink with k = 14
Solving k-shrink with k = 14
Solving k-shrink with k = 14
Solving k-shrink with k = 16
Solving k-shrink with k = 14
Solving k-shrink with k = 14
Solving k-shrink with k = 14
Solving k-shrink with k = 14
Solving k-shrink with k = 14
Solving k-shrink with k = 14
Solving k-shrink with k = 14
Solving k-shrink with k = 16
Solving k-shrink with k = 16
Solving k-shrink with k = 16
Solving k-shrink with k = 14
Solving k-shrink with k = 16
Solving k-shrink with k = 14
Solving k-shrink with k = 16
Solving k-shrink with k = 16
Solving k-shrink with k = 14
Solving k-shrink with k = 16
Solving k-shrink with k = 16
Solving k-shrink with k = 14
Solving k-shrink with k = 16
Solving k-shrink with k = 14
Solving k-shrink with k = 16
Solving k-shrink with k = 14
Solving k-shrink with k = 16
Solving k-shrink with k = 16
Solving k-shrink with k = 16
Solving k-shrink with k = 14
Solving k-shrink with k = 16
Solving k-shrink with k = 14
Solving k-shrink with k = 16
Solving k-shrink with k = 16
Solving k-shrink with k = 16
Solving k-shrink with k = 16
Solving k-shrink with k = 16
Solving k-shrink with k = 16
Solving k-shrink with k = 16
Solving k-shrink with k = 16
Solving k-shrink with k = 14
Solving k-shrink with k = 16
Solving k-shrink with k = 16
Solving k-shrink with k = 14
Solving k-shrink with k = 16
Solving k-shrink with k = 14
Solving k-shrink with k = 14
Solving k-shrink with k = 16
Solving k-shrink with k = 16
Solving k-shrink with k = 14
Solving k-shrink with k = 14
Solving k-shrink with k = 16
Solving k-shrink with k = 16
Solving k-shrink with k = 14
Solving k-shrink with k = 16
Solving k-shrink with k = 14
Solving k-shrink with k = 16
Solving k-shrink with k = 14
Solving k-shrink with k = 16
Solving k-shrink with k = 14
Solving k-shrink with k = 14
Solving k-shrink with k = 14
Solving k-shrink with k = 14
Solving k-shrink with k = 16
Solving k-shrink with k = 14
Solving k-shrink with k = 16
Solving k-shrink with k = 16
Solving k-shrink with k = 14
Solving k-shrink with k = 14
Solving k-shrink with k = 16
Solving k-shrink with k = 16
Solving k-shrink with k = 14
Solving k-shrink with k = 16
Solving k-shrink with k = 16
Solving k-shrink with k = 14
Solving k-shrink with k = 16
Solving k-shrink with k = 16
Solving k-shrink with k = 14
Solving k-shrink with k = 14
Solving k-shrink with k = 16
Solving k-shrink with k = 16
Solving k-shrink with k = 14
Solving k-shrink with k = 14
Solving k-shrink with k = 14
Solving k-shrink with k = 14
Solving k-shrink with k = 14
Solving k-shrink with k = 16
Solving k-shrink with k = 16
Solving k-shrink with k = 16
Solving k-shrink with k = 14
Solving k-shrink with k = 16
Solving k-shrink with k = 14
Solving k-shrink with k = 16
Solving k-shrink with k = 14
Solving k-shrink with k = 16
Solving k-shrink with k = 14
Solving k-shrink with k = 14
Solving k-shrink with k = 14
Solving k-shrink with k = 16
Solving k-shrink with k = 16
Solving k-shrink with k = 16
Solving k-shrink with k = 16
Solving k-shrink with k = 14
Solving k-shrink with k = 14
Solving k-shrink with k = 14
Solving k-shrink with k = 16
Solving k-shrink with k = 16
Solving k-shrink with k = 16
Solving k-shrink with k = 14
Solving k-shrink with k = 14
Solving k-shrink with k = 14
Solving k-shrink with k = 16
Solving k-shrink with k = 16
Solving k-shrink with k = 16
Solving k-shrink with k = 14
Solving k-shrink with k = 16
Solving k-shrink with k = 14
Solving k-shrink with k = 14
Solving k-shrink with k = 16
Solving k-shrink with k = 14
Solving k-shrink with k = 16
Solving k-shrink with k = 14
Solving k-shrink with k = 14
Solving k-shrink with k = 14
Solving k-shrink with k = 16
Solving k-shrink with k = 14
Solving k-shrink with k = 16
Solving k-shrink with k = 14
Solving k-shrink with k = 14
Solving k-shrink with k = 16
Solving k-shrink with k = 14
Solving k-shrink with k = 14
done
computing MS ...
TreeCmp version 1.0-b291

Active options:
Type of the analysis:  one-to-all comparison mode (-r)
Metrics:
  1. MatchingSplit (ms)
Input file: ../gene_trees/LBF/xen.can.gt.LBF.0.085.trees
Output file: ../results/xen.can.0.085.MS.dat
Additional options:
P - Prune compared trees if needed (trees can have different leaf sets).
-----
2017-06-19 22:27:52: Start of scanning input file: ../gene_trees/LBF/xen.can.gt.LBF.0.085.trees
2017-06-19 22:27:56: End of scanning input file: ../gene_trees/LBF/xen.can.gt.LBF.0.085.trees
2017-06-19 22:27:56: 212 valid trees found in file: ../gene_trees/LBF/xen.can.gt.LBF.0.085.trees
2017-06-19 22:27:56: Start of calculation...please wait...
2017-06-19 22:27:56: 0.00% completed...
2017-06-19 22:27:57: 5.19% completed...
2017-06-19 22:27:58: 10.38% completed...
2017-06-19 22:27:59: 15.57% completed...
2017-06-19 22:27:59: 20.75% completed...
2017-06-19 22:28:00: 25.94% completed...
2017-06-19 22:28:00: 31.13% completed...
2017-06-19 22:28:01: 36.32% completed...
2017-06-19 22:28:01: 41.51% completed...
2017-06-19 22:28:02: 46.70% completed...
2017-06-19 22:28:02: 51.89% completed...
2017-06-19 22:28:02: 57.08% completed...
2017-06-19 22:28:03: 62.26% completed...
2017-06-19 22:28:03: 67.45% completed...
2017-06-19 22:28:03: 72.64% completed...
2017-06-19 22:28:04: 77.83% completed...
2017-06-19 22:28:04: 83.02% completed...
2017-06-19 22:28:04: 88.21% completed...
2017-06-19 22:28:04: 93.40% completed...
2017-06-19 22:28:05: 98.58% completed...
2017-06-19 22:28:05: 100.00% completed.
2017-06-19 22:28:05: End of calculation.
2017-06-19 22:28:05: Total calculation time: 9221 ms.
done
computing RF ...
done
All done!
