filtering ...
Loading required package: BMS
Solving k-shrink with k = 16
Solving k-shrink with k = 16
Solving k-shrink with k = 14
Solving k-shrink with k = 16
Solving k-shrink with k = 14
Solving k-shrink with k = 14
Solving k-shrink with k = 14
Solving k-shrink with k = 16
Solving k-shrink with k = 16
Solving k-shrink with k = 14
Solving k-shrink with k = 16
Solving k-shrink with k = 14
Solving k-shrink with k = 16
Solving k-shrink with k = 14
Solving k-shrink with k = 16
Solving k-shrink with k = 14
Solving k-shrink with k = 16
Solving k-shrink with k = 16
Solving k-shrink with k = 14
Solving k-shrink with k = 14
Solving k-shrink with k = 14
Solving k-shrink with k = 16
Solving k-shrink with k = 14
Solving k-shrink with k = 14
Solving k-shrink with k = 14
Solving k-shrink with k = 14
Solving k-shrink with k = 14
Solving k-shrink with k = 14
Solving k-shrink with k = 14
Solving k-shrink with k = 16
Solving k-shrink with k = 14
Solving k-shrink with k = 16
Solving k-shrink with k = 16
Solving k-shrink with k = 16
Solving k-shrink with k = 14
Solving k-shrink with k = 14
Solving k-shrink with k = 16
Solving k-shrink with k = 16
Solving k-shrink with k = 16
Solving k-shrink with k = 14
Solving k-shrink with k = 14
Solving k-shrink with k = 14
Solving k-shrink with k = 14
Solving k-shrink with k = 14
Solving k-shrink with k = 14
Solving k-shrink with k = 14
Solving k-shrink with k = 14
Solving k-shrink with k = 16
Solving k-shrink with k = 16
Solving k-shrink with k = 16
Solving k-shrink with k = 16
Solving k-shrink with k = 16
Solving k-shrink with k = 14
Solving k-shrink with k = 14
Solving k-shrink with k = 16
Solving k-shrink with k = 16
Solving k-shrink with k = 14
Solving k-shrink with k = 16
Solving k-shrink with k = 14
Solving k-shrink with k = 14
Solving k-shrink with k = 16
Solving k-shrink with k = 14
Solving k-shrink with k = 16
Solving k-shrink with k = 16
Solving k-shrink with k = 14
Solving k-shrink with k = 16
Solving k-shrink with k = 16
Solving k-shrink with k = 14
Solving k-shrink with k = 14
Solving k-shrink with k = 16
Solving k-shrink with k = 16
Solving k-shrink with k = 16
Solving k-shrink with k = 14
Solving k-shrink with k = 14
Solving k-shrink with k = 16
Solving k-shrink with k = 16
Solving k-shrink with k = 14
Solving k-shrink with k = 16
Solving k-shrink with k = 14
Solving k-shrink with k = 14
Solving k-shrink with k = 14
Solving k-shrink with k = 14
Solving k-shrink with k = 16
Solving k-shrink with k = 14
Solving k-shrink with k = 14
Solving k-shrink with k = 14
Solving k-shrink with k = 14
Solving k-shrink with k = 14
Solving k-shrink with k = 14
Solving k-shrink with k = 14
Solving k-shrink with k = 16
Solving k-shrink with k = 16
Solving k-shrink with k = 16
Solving k-shrink with k = 14
Solving k-shrink with k = 16
Solving k-shrink with k = 14
Solving k-shrink with k = 16
Solving k-shrink with k = 16
Solving k-shrink with k = 14
Solving k-shrink with k = 16
Solving k-shrink with k = 16
Solving k-shrink with k = 14
Solving k-shrink with k = 16
Solving k-shrink with k = 14
Solving k-shrink with k = 16
Solving k-shrink with k = 14
Solving k-shrink with k = 16
Solving k-shrink with k = 16
Solving k-shrink with k = 16
Solving k-shrink with k = 14
Solving k-shrink with k = 16
Solving k-shrink with k = 14
Solving k-shrink with k = 16
Solving k-shrink with k = 16
Solving k-shrink with k = 16
Solving k-shrink with k = 16
Solving k-shrink with k = 16
Solving k-shrink with k = 16
Solving k-shrink with k = 16
Solving k-shrink with k = 16
Solving k-shrink with k = 14
Solving k-shrink with k = 16
Solving k-shrink with k = 16
Solving k-shrink with k = 14
Solving k-shrink with k = 16
Solving k-shrink with k = 14
Solving k-shrink with k = 14
Solving k-shrink with k = 16
Solving k-shrink with k = 16
Solving k-shrink with k = 14
Solving k-shrink with k = 14
Solving k-shrink with k = 16
Solving k-shrink with k = 16
Solving k-shrink with k = 14
Solving k-shrink with k = 16
Solving k-shrink with k = 14
Solving k-shrink with k = 16
Solving k-shrink with k = 14
Solving k-shrink with k = 16
Solving k-shrink with k = 14
Solving k-shrink with k = 14
Solving k-shrink with k = 14
Solving k-shrink with k = 14
Solving k-shrink with k = 16
Solving k-shrink with k = 14
Solving k-shrink with k = 16
Solving k-shrink with k = 16
Solving k-shrink with k = 14
Solving k-shrink with k = 14
Solving k-shrink with k = 16
Solving k-shrink with k = 16
Solving k-shrink with k = 14
Solving k-shrink with k = 16
Solving k-shrink with k = 16
Solving k-shrink with k = 14
Solving k-shrink with k = 16
Solving k-shrink with k = 16
Solving k-shrink with k = 14
Solving k-shrink with k = 14
Solving k-shrink with k = 16
Solving k-shrink with k = 16
Solving k-shrink with k = 14
Solving k-shrink with k = 14
Solving k-shrink with k = 14
Solving k-shrink with k = 14
Solving k-shrink with k = 14
Solving k-shrink with k = 16
Solving k-shrink with k = 16
Solving k-shrink with k = 16
Solving k-shrink with k = 14
Solving k-shrink with k = 16
Solving k-shrink with k = 14
Solving k-shrink with k = 16
Solving k-shrink with k = 14
Solving k-shrink with k = 16
Solving k-shrink with k = 14
Solving k-shrink with k = 14
Solving k-shrink with k = 14
Solving k-shrink with k = 16
Solving k-shrink with k = 16
Solving k-shrink with k = 16
Solving k-shrink with k = 16
Solving k-shrink with k = 14
Solving k-shrink with k = 14
Solving k-shrink with k = 14
Solving k-shrink with k = 16
Solving k-shrink with k = 16
Solving k-shrink with k = 16
Solving k-shrink with k = 14
Solving k-shrink with k = 14
Solving k-shrink with k = 14
Solving k-shrink with k = 16
Solving k-shrink with k = 16
Solving k-shrink with k = 16
Solving k-shrink with k = 14
Solving k-shrink with k = 16
Solving k-shrink with k = 14
Solving k-shrink with k = 14
Solving k-shrink with k = 16
Solving k-shrink with k = 14
Solving k-shrink with k = 16
Solving k-shrink with k = 14
Solving k-shrink with k = 14
Solving k-shrink with k = 14
Solving k-shrink with k = 16
Solving k-shrink with k = 14
Solving k-shrink with k = 16
Solving k-shrink with k = 14
Solving k-shrink with k = 14
Solving k-shrink with k = 16
Solving k-shrink with k = 14
Solving k-shrink with k = 14
done
computing MS ...
TreeCmp version 1.0-b291

Active options:
Type of the analysis:  one-to-all comparison mode (-r)
Metrics:
  1. MatchingSplit (ms)
Input file: ../gene_trees/LBF/xen.can.gt.LBF.0.020.trees
Output file: ../results/xen.can.0.020.MS.dat
Additional options:
P - Prune compared trees if needed (trees can have different leaf sets).
-----
2017-06-19 22:27:49: Start of scanning input file: ../gene_trees/LBF/xen.can.gt.LBF.0.020.trees
2017-06-19 22:27:53: End of scanning input file: ../gene_trees/LBF/xen.can.gt.LBF.0.020.trees
2017-06-19 22:27:53: 212 valid trees found in file: ../gene_trees/LBF/xen.can.gt.LBF.0.020.trees
2017-06-19 22:27:53: Start of calculation...please wait...
2017-06-19 22:27:53: 0.00% completed...
2017-06-19 22:27:55: 5.19% completed...
2017-06-19 22:27:56: 10.38% completed...
2017-06-19 22:27:56: 15.57% completed...
2017-06-19 22:27:57: 20.75% completed...
2017-06-19 22:27:57: 25.94% completed...
2017-06-19 22:27:58: 31.13% completed...
2017-06-19 22:27:58: 36.32% completed...
2017-06-19 22:27:58: 41.51% completed...
2017-06-19 22:27:59: 46.70% completed...
2017-06-19 22:27:59: 51.89% completed...
2017-06-19 22:27:59: 57.08% completed...
2017-06-19 22:28:00: 62.26% completed...
2017-06-19 22:28:00: 67.45% completed...
2017-06-19 22:28:00: 72.64% completed...
2017-06-19 22:28:00: 77.83% completed...
2017-06-19 22:28:01: 83.02% completed...
2017-06-19 22:28:01: 88.21% completed...
2017-06-19 22:28:01: 93.40% completed...
2017-06-19 22:28:01: 98.58% completed...
2017-06-19 22:28:01: 100.00% completed.
2017-06-19 22:28:01: End of calculation.
2017-06-19 22:28:01: Total calculation time: 8536 ms.
done
computing RF ...
done
All done!
