filtering ...
Solving k-shrink with k = 8
Solving k-shrink with k = 8
Solving k-shrink with k = 8
Solving k-shrink with k = 8
Solving k-shrink with k = 8
Solving k-shrink with k = 8
Solving k-shrink with k = 8
Solving k-shrink with k = 8
Solving k-shrink with k = 8
Solving k-shrink with k = 8
Solving k-shrink with k = 8
Solving k-shrink with k = 8
Solving k-shrink with k = 8
Solving k-shrink with k = 8
Solving k-shrink with k = 8
Solving k-shrink with k = 8
Solving k-shrink with k = 8
Solving k-shrink with k = 8
Solving k-shrink with k = 8
Solving k-shrink with k = 8
Solving k-shrink with k = 8
Solving k-shrink with k = 8
Solving k-shrink with k = 8
Solving k-shrink with k = 8
Solving k-shrink with k = 8
Solving k-shrink with k = 8
Solving k-shrink with k = 8
Solving k-shrink with k = 8
Solving k-shrink with k = 8
Solving k-shrink with k = 8
Solving k-shrink with k = 8
Solving k-shrink with k = 8
Solving k-shrink with k = 8
Solving k-shrink with k = 8
Solving k-shrink with k = 8
Solving k-shrink with k = 8
Solving k-shrink with k = 8
Solving k-shrink with k = 8
Solving k-shrink with k = 8
Solving k-shrink with k = 8
Solving k-shrink with k = 8
Solving k-shrink with k = 8
Solving k-shrink with k = 8
Solving k-shrink with k = 8
Solving k-shrink with k = 8
Solving k-shrink with k = 8
Solving k-shrink with k = 8
Solving k-shrink with k = 8
Solving k-shrink with k = 8
Solving k-shrink with k = 8
Solving k-shrink with k = 8
Solving k-shrink with k = 8
Solving k-shrink with k = 8
Solving k-shrink with k = 8
Solving k-shrink with k = 8
Solving k-shrink with k = 8
Solving k-shrink with k = 8
Solving k-shrink with k = 8
Solving k-shrink with k = 8
Solving k-shrink with k = 8
Solving k-shrink with k = 8
Solving k-shrink with k = 8
Solving k-shrink with k = 8
Solving k-shrink with k = 8
Solving k-shrink with k = 8
Solving k-shrink with k = 8
Solving k-shrink with k = 8
Solving k-shrink with k = 8
Solving k-shrink with k = 8
Solving k-shrink with k = 8
Solving k-shrink with k = 8
Solving k-shrink with k = 8
Solving k-shrink with k = 8
Solving k-shrink with k = 8
Solving k-shrink with k = 8
Solving k-shrink with k = 8
Solving k-shrink with k = 8
Solving k-shrink with k = 8
Solving k-shrink with k = 8
Solving k-shrink with k = 8
Solving k-shrink with k = 8
Solving k-shrink with k = 8
Solving k-shrink with k = 8
Solving k-shrink with k = 8
Solving k-shrink with k = 8
Solving k-shrink with k = 8
Solving k-shrink with k = 8
Solving k-shrink with k = 8
Solving k-shrink with k = 8
Solving k-shrink with k = 8
Solving k-shrink with k = 8
Solving k-shrink with k = 8
Solving k-shrink with k = 8
Solving k-shrink with k = 8
Solving k-shrink with k = 8
Solving k-shrink with k = 8
Solving k-shrink with k = 8
Solving k-shrink with k = 8
Solving k-shrink with k = 8
Solving k-shrink with k = 8
Solving k-shrink with k = 8
Solving k-shrink with k = 8
Solving k-shrink with k = 8
Solving k-shrink with k = 8
Solving k-shrink with k = 8
Solving k-shrink with k = 8
Solving k-shrink with k = 8
Solving k-shrink with k = 8
Solving k-shrink with k = 8
Solving k-shrink with k = 8
Solving k-shrink with k = 8
Solving k-shrink with k = 8
Solving k-shrink with k = 8
Solving k-shrink with k = 8
Solving k-shrink with k = 8
Solving k-shrink with k = 8
Solving k-shrink with k = 8
Solving k-shrink with k = 8
Solving k-shrink with k = 8
Solving k-shrink with k = 8
Solving k-shrink with k = 8
Solving k-shrink with k = 8
Solving k-shrink with k = 8
Solving k-shrink with k = 8
Solving k-shrink with k = 8
Solving k-shrink with k = 8
Solving k-shrink with k = 8
Solving k-shrink with k = 8
Solving k-shrink with k = 8
Solving k-shrink with k = 8
Solving k-shrink with k = 8
Solving k-shrink with k = 8
Solving k-shrink with k = 8
Solving k-shrink with k = 8
Solving k-shrink with k = 8
Solving k-shrink with k = 8
Solving k-shrink with k = 8
Solving k-shrink with k = 8
Solving k-shrink with k = 8
Solving k-shrink with k = 8
Solving k-shrink with k = 8
Solving k-shrink with k = 8
Solving k-shrink with k = 8
Solving k-shrink with k = 8
Solving k-shrink with k = 8
Solving k-shrink with k = 8
Solving k-shrink with k = 8
Solving k-shrink with k = 8
Solving k-shrink with k = 8
Solving k-shrink with k = 8
Solving k-shrink with k = 8
Solving k-shrink with k = 8
Solving k-shrink with k = 8
Solving k-shrink with k = 8
Solving k-shrink with k = 8
Solving k-shrink with k = 8
Solving k-shrink with k = 8
Solving k-shrink with k = 8
Solving k-shrink with k = 8
Solving k-shrink with k = 8
Solving k-shrink with k = 8
Solving k-shrink with k = 8
Solving k-shrink with k = 8
Solving k-shrink with k = 8
Solving k-shrink with k = 8
Solving k-shrink with k = 8
Solving k-shrink with k = 8
Solving k-shrink with k = 8
Solving k-shrink with k = 8
Solving k-shrink with k = 8
Solving k-shrink with k = 8
Solving k-shrink with k = 8
Solving k-shrink with k = 8
Solving k-shrink with k = 8
Solving k-shrink with k = 8
Solving k-shrink with k = 8
Solving k-shrink with k = 8
Solving k-shrink with k = 8
Solving k-shrink with k = 8
Solving k-shrink with k = 8
Solving k-shrink with k = 8
Solving k-shrink with k = 8
Solving k-shrink with k = 8
Solving k-shrink with k = 8
Solving k-shrink with k = 8
Solving k-shrink with k = 8
Solving k-shrink with k = 8
Solving k-shrink with k = 8
Solving k-shrink with k = 8
Solving k-shrink with k = 8
Solving k-shrink with k = 8
Solving k-shrink with k = 8
Solving k-shrink with k = 8
Solving k-shrink with k = 8
Solving k-shrink with k = 8
Solving k-shrink with k = 8
Solving k-shrink with k = 8
Solving k-shrink with k = 8
Solving k-shrink with k = 8
Solving k-shrink with k = 8
Solving k-shrink with k = 8
Solving k-shrink with k = 8
Solving k-shrink with k = 8
Solving k-shrink with k = 8
Solving k-shrink with k = 8
Solving k-shrink with k = 8
Solving k-shrink with k = 8
Solving k-shrink with k = 8
Solving k-shrink with k = 8
Solving k-shrink with k = 8
Solving k-shrink with k = 8
Solving k-shrink with k = 8
Solving k-shrink with k = 8
Solving k-shrink with k = 8
Solving k-shrink with k = 8
Solving k-shrink with k = 8
Solving k-shrink with k = 8
Solving k-shrink with k = 8
Solving k-shrink with k = 8
Solving k-shrink with k = 8
Solving k-shrink with k = 8
Solving k-shrink with k = 8
Solving k-shrink with k = 8
Solving k-shrink with k = 8
Solving k-shrink with k = 8
Solving k-shrink with k = 8
Solving k-shrink with k = 8
Solving k-shrink with k = 8
Solving k-shrink with k = 8
Solving k-shrink with k = 8
Solving k-shrink with k = 8
Solving k-shrink with k = 8
Solving k-shrink with k = 8
Solving k-shrink with k = 8
Solving k-shrink with k = 8
Solving k-shrink with k = 8
Solving k-shrink with k = 8
Solving k-shrink with k = 8
Solving k-shrink with k = 8
Solving k-shrink with k = 8
Solving k-shrink with k = 8
Solving k-shrink with k = 8
Solving k-shrink with k = 8
Solving k-shrink with k = 8
Solving k-shrink with k = 8
Solving k-shrink with k = 8
Solving k-shrink with k = 8
Solving k-shrink with k = 8
Solving k-shrink with k = 8
Solving k-shrink with k = 8
Solving k-shrink with k = 8
Solving k-shrink with k = 8
Solving k-shrink with k = 8
Solving k-shrink with k = 8
Solving k-shrink with k = 8
Solving k-shrink with k = 8
Solving k-shrink with k = 8
Solving k-shrink with k = 8
Solving k-shrink with k = 8
Solving k-shrink with k = 8
Solving k-shrink with k = 8
Solving k-shrink with k = 8
Solving k-shrink with k = 8
Solving k-shrink with k = 8
Solving k-shrink with k = 8
Solving k-shrink with k = 8
Solving k-shrink with k = 8
Solving k-shrink with k = 8
Solving k-shrink with k = 8
Solving k-shrink with k = 8
Solving k-shrink with k = 8
Solving k-shrink with k = 8
Solving k-shrink with k = 8
Solving k-shrink with k = 8
Solving k-shrink with k = 8
Solving k-shrink with k = 8
Solving k-shrink with k = 8
Solving k-shrink with k = 8
Solving k-shrink with k = 8
Solving k-shrink with k = 8
Solving k-shrink with k = 8
Solving k-shrink with k = 8
Solving k-shrink with k = 8
Solving k-shrink with k = 8
Solving k-shrink with k = 8
Solving k-shrink with k = 8
Solving k-shrink with k = 8
Solving k-shrink with k = 8
Solving k-shrink with k = 8
Solving k-shrink with k = 8
Solving k-shrink with k = 8
Solving k-shrink with k = 8
Solving k-shrink with k = 8Loading required package: BMS

Solving k-shrink with k = 8
Solving k-shrink with k = 8
Solving k-shrink with k = 8
Solving k-shrink with k = 8
Solving k-shrink with k = 8
Solving k-shrink with k = 8
Solving k-shrink with k = 8
Solving k-shrink with k = 8
Solving k-shrink with k = 8
Solving k-shrink with k = 8
Solving k-shrink with k = 8
Solving k-shrink with k = 8
Solving k-shrink with k = 8
Solving k-shrink with k = 8
Solving k-shrink with k = 8
Solving k-shrink with k = 8
Solving k-shrink with k = 8
Solving k-shrink with k = 8
Solving k-shrink with k = 8
Solving k-shrink with k = 8
Solving k-shrink with k = 8
Solving k-shrink with k = 8
Solving k-shrink with k = 8
Solving k-shrink with k = 8
Solving k-shrink with k = 8
Solving k-shrink with k = 8
Solving k-shrink with k = 8
Solving k-shrink with k = 8
Solving k-shrink with k = 8
Solving k-shrink with k = 8
Solving k-shrink with k = 8
Solving k-shrink with k = 8
Solving k-shrink with k = 8
Solving k-shrink with k = 8
Solving k-shrink with k = 8
Solving k-shrink with k = 8
Solving k-shrink with k = 8
Solving k-shrink with k = 8
Solving k-shrink with k = 8
Solving k-shrink with k = 8
Solving k-shrink with k = 8
Solving k-shrink with k = 8
Solving k-shrink with k = 8
Solving k-shrink with k = 8
Solving k-shrink with k = 8
Solving k-shrink with k = 8
Solving k-shrink with k = 8
Solving k-shrink with k = 8
Solving k-shrink with k = 8
Solving k-shrink with k = 8
Solving k-shrink with k = 8
Solving k-shrink with k = 8
Solving k-shrink with k = 8
Solving k-shrink with k = 8
Solving k-shrink with k = 8
Solving k-shrink with k = 8
Solving k-shrink with k = 8
Solving k-shrink with k = 8
Solving k-shrink with k = 8
Solving k-shrink with k = 8
Solving k-shrink with k = 8
Solving k-shrink with k = 8
Solving k-shrink with k = 8
Solving k-shrink with k = 8
Solving k-shrink with k = 8
Solving k-shrink with k = 8
Solving k-shrink with k = 8
Solving k-shrink with k = 8
Solving k-shrink with k = 8
Solving k-shrink with k = 8
Solving k-shrink with k = 8
Solving k-shrink with k = 8
Solving k-shrink with k = 8
Solving k-shrink with k = 8
Solving k-shrink with k = 8
Solving k-shrink with k = 8
Solving k-shrink with k = 8
Solving k-shrink with k = 8
Solving k-shrink with k = 8
Solving k-shrink with k = 8
Solving k-shrink with k = 8
Solving k-shrink with k = 8
Solving k-shrink with k = 8
Solving k-shrink with k = 8
Solving k-shrink with k = 8
Solving k-shrink with k = 8
Solving k-shrink with k = 8
Solving k-shrink with k = 8
Solving k-shrink with k = 8
Solving k-shrink with k = 8
Solving k-shrink with k = 8
Solving k-shrink with k = 8
Solving k-shrink with k = 8
Solving k-shrink with k = 8
Solving k-shrink with k = 8
Solving k-shrink with k = 8
Solving k-shrink with k = 8
Solving k-shrink with k = 8
Solving k-shrink with k = 8
Solving k-shrink with k = 8
done
computing MS ...
TreeCmp version 1.0-b291

Active options:
Type of the analysis:  one-to-all comparison mode (-r)
Metrics:
  1. MatchingSplit (ms)
Input file: ../gene_trees/LBF/xen.rs.gt.LBF.0.075.trees
Output file: ../results/xen.rs.0.075.MS.dat
Additional options:
P - Prune compared trees if needed (trees can have different leaf sets).
-----
2017-06-19 23:24:09: Start of scanning input file: ../gene_trees/LBF/xen.rs.gt.LBF.0.075.trees
2017-06-19 23:24:12: End of scanning input file: ../gene_trees/LBF/xen.rs.gt.LBF.0.075.trees
2017-06-19 23:24:12: 393 valid trees found in file: ../gene_trees/LBF/xen.rs.gt.LBF.0.075.trees
2017-06-19 23:24:12: Start of calculation...please wait...
2017-06-19 23:24:12: 0.00% completed...
2017-06-19 23:24:13: 5.09% completed...
2017-06-19 23:24:13: 10.18% completed...
2017-06-19 23:24:13: 15.27% completed...
2017-06-19 23:24:14: 20.36% completed...
2017-06-19 23:24:14: 25.45% completed...
2017-06-19 23:24:14: 30.53% completed...
2017-06-19 23:24:14: 35.62% completed...
2017-06-19 23:24:15: 40.71% completed...
2017-06-19 23:24:15: 45.80% completed...
2017-06-19 23:24:15: 50.89% completed...
2017-06-19 23:24:15: 55.98% completed...
2017-06-19 23:24:15: 61.07% completed...
2017-06-19 23:24:16: 66.16% completed...
2017-06-19 23:24:16: 71.25% completed...
2017-06-19 23:24:16: 76.34% completed...
2017-06-19 23:24:16: 81.42% completed...
2017-06-19 23:24:16: 86.51% completed...
2017-06-19 23:24:16: 91.60% completed...
2017-06-19 23:24:16: 96.69% completed...
2017-06-19 23:24:17: 100.00% completed.
2017-06-19 23:24:17: End of calculation.
2017-06-19 23:24:17: Total calculation time: 4821 ms.
done
computing RF ...
done
All done!
