filtering ...
Loading required package: BMS
/Users/uym2/my_gits/LongBranchFiltering/find_threshold_kernel.R
done
quartet scoring by astral ...
done
computing local support by astral ...
done
extracting occupancy ...
done
computing MS ...
TreeCmp version 1.0-b291

Active options:
Type of the analysis:  one-to-all comparison mode (-r)
Metrics:
  1. MatchingSplit (ms)
Input file: ../gene_trees/LBF/mm.gt.LBF.stsd.0.075.trees
Output file: ../results/mm.stsd.0.075.MS.dat
Additional options:
P - Prune compared trees if needed (trees can have different leaf sets).
-----
2017-06-13 14:01:21: Start of scanning input file: ../gene_trees/LBF/mm.gt.LBF.stsd.0.075.trees
2017-06-13 14:01:23: End of scanning input file: ../gene_trees/LBF/mm.gt.LBF.stsd.0.075.trees
2017-06-13 14:01:23: 424 valid trees found in file: ../gene_trees/LBF/mm.gt.LBF.stsd.0.075.trees
2017-06-13 14:01:23: Start of calculation...please wait...
2017-06-13 14:01:23: 0.00% completed...
2017-06-13 14:01:24: 5.19% completed...
2017-06-13 14:01:25: 10.38% completed...
2017-06-13 14:01:25: 15.57% completed...
2017-06-13 14:01:25: 20.75% completed...
2017-06-13 14:01:26: 25.94% completed...
2017-06-13 14:01:26: 31.13% completed...
2017-06-13 14:01:26: 36.32% completed...
2017-06-13 14:01:27: 41.51% completed...
2017-06-13 14:01:27: 46.70% completed...
2017-06-13 14:01:27: 51.89% completed...
2017-06-13 14:01:28: 57.08% completed...
2017-06-13 14:01:28: 62.26% completed...
2017-06-13 14:01:28: 67.45% completed...
2017-06-13 14:01:28: 72.64% completed...
2017-06-13 14:01:29: 77.83% completed...
2017-06-13 14:01:29: 83.02% completed...
2017-06-13 14:01:29: 88.21% completed...
2017-06-13 14:01:30: 93.40% completed...
2017-06-13 14:01:30: 98.58% completed...
2017-06-13 14:01:30: 100.00% completed.
2017-06-13 14:01:30: End of calculation.
2017-06-13 14:01:30: Total calculation time: 6580 ms.
done
computing RF ...
done
comparing quartet score to original ...
Splits	Found	34	Total	34	Frac	1	MaxLnDf	0.562	Ratio	0.978	MaxBtDf	3.91
done
comparing local support to original ...
Splits	Found	34	Total	34	Frac	1	MaxLnDf	0.562	Ratio	0.978	MaxBtDf	3.91
done
All done!
