pruning
astral scoring
extract occupancy
compute MS
TreeCmp version 1.0-b291

Active options:
Type of the analysis:  one-to-all comparison mode (-r)
Metrics:
  1. MatchingSplit (ms)
Input file: ../gene_trees/rooted_pruning/xen.rs.gt.trees.2.5.trees
Output file: ../results/xen.rs.trees.2.5.MS.dat
Additional options:
P - Prune compared trees if needed (trees can have different leaf sets).
-----
2017-06-14 22:33:52: Start of scanning input file: ../gene_trees/rooted_pruning/xen.rs.gt.trees.2.5.trees
2017-06-14 22:33:53: End of scanning input file: ../gene_trees/rooted_pruning/xen.rs.gt.trees.2.5.trees
2017-06-14 22:33:53: 393 valid trees found in file: ../gene_trees/rooted_pruning/xen.rs.gt.trees.2.5.trees
2017-06-14 22:33:53: Start of calculation...please wait...
2017-06-14 22:33:53: 0.00% completed...
2017-06-14 22:33:53: 5.09% completed...
2017-06-14 22:33:53: 10.18% completed...
2017-06-14 22:33:53: 15.27% completed...
2017-06-14 22:33:54: 20.36% completed...
2017-06-14 22:33:54: 25.45% completed...
2017-06-14 22:33:54: 30.53% completed...
2017-06-14 22:33:54: 35.62% completed...
2017-06-14 22:33:54: 40.71% completed...
2017-06-14 22:33:54: 45.80% completed...
2017-06-14 22:33:54: 50.89% completed...
2017-06-14 22:33:54: 55.98% completed...
2017-06-14 22:33:54: 61.07% completed...
2017-06-14 22:33:54: 66.16% completed...
2017-06-14 22:33:55: 71.25% completed...
2017-06-14 22:33:55: 76.34% completed...
2017-06-14 22:33:55: 81.42% completed...
2017-06-14 22:33:55: 86.51% completed...
2017-06-14 22:33:55: 91.60% completed...
2017-06-14 22:33:55: 96.69% completed...
2017-06-14 22:33:55: 100.00% completed.
2017-06-14 22:33:55: End of calculation.
2017-06-14 22:33:55: Total calculation time: 1723 ms.
compute RF
extract quartet support and branch lenghts
Splits	Found	23	Total	23	Frac	1	MaxLnDf	0.214	Ratio	0.999	MaxBtDf	1.45
