TreeCmp version 1.0-b291

Active options:
Type of the analysis:  one-to-all comparison mode (-r)
Metrics:
  1. MatchingSplit (ms)
Input file: ../gene_trees/rogueNarok/xen.rs.RnR.default.trees
Output file: ../results/xen.rs.RnR.default.MS.dat
Additional options:
P - Prune compared trees if needed (trees can have different leaf sets).
-----
2017-06-14 22:29:25: Start of scanning input file: ../gene_trees/rogueNarok/xen.rs.RnR.default.trees
2017-06-14 22:29:26: End of scanning input file: ../gene_trees/rogueNarok/xen.rs.RnR.default.trees
2017-06-14 22:29:26: 393 valid trees found in file: ../gene_trees/rogueNarok/xen.rs.RnR.default.trees
2017-06-14 22:29:26: Start of calculation...please wait...
2017-06-14 22:29:26: 0.00% completed...
2017-06-14 22:29:27: 5.09% completed...
2017-06-14 22:29:27: 10.18% completed...
2017-06-14 22:29:27: 15.27% completed...
2017-06-14 22:29:27: 20.36% completed...
2017-06-14 22:29:27: 25.45% completed...
2017-06-14 22:29:27: 30.53% completed...
2017-06-14 22:29:27: 35.62% completed...
2017-06-14 22:29:28: 40.71% completed...
2017-06-14 22:29:28: 45.80% completed...
2017-06-14 22:29:28: 50.89% completed...
2017-06-14 22:29:28: 55.98% completed...
2017-06-14 22:29:28: 61.07% completed...
2017-06-14 22:29:28: 66.16% completed...
2017-06-14 22:29:28: 71.25% completed...
2017-06-14 22:29:28: 76.34% completed...
2017-06-14 22:29:28: 81.42% completed...
2017-06-14 22:29:28: 86.51% completed...
2017-06-14 22:29:28: 91.60% completed...
2017-06-14 22:29:28: 96.69% completed...
2017-06-14 22:29:28: 100.00% completed.
2017-06-14 22:29:28: End of calculation.
2017-06-14 22:29:28: Total calculation time: 2137 ms.
Cannot read ../species_trees/xen.rs.astral.score.tre at /Users/uym2/repositories/global/src/perl/tree_comp_morgan/CompareTree.pl line 47.
